This file contains any messages produced by compilers while
running configure, to aid debugging if configure makes a mistake.

It was created by configure, which was
generated by GNU Autoconf 2.69.  Invocation command line was

  $ ./configure 

## --------- ##
## Platform. ##
## --------- ##

hostname = ANONYM
uname -m = x86_64
uname -r = 5.10.60.1-microsoft-standard-WSL2
uname -s = Linux
uname -v = #1 SMP Wed Aug 25 23:20:18 UTC 2021

/usr/bin/uname -p = unknown
/bin/uname -X     = unknown

/bin/arch              = x86_64
/usr/bin/arch -k       = unknown
/usr/convex/getsysinfo = unknown
/usr/bin/hostinfo      = unknown
/bin/machine           = unknown
/usr/bin/oslevel       = unknown
/bin/universe          = unknown

PATH: /home/hello/.local/bin
PATH: /opt/gradle/bin
PATH: /usr/local/sbin
PATH: /usr/local/bin
PATH: /usr/sbin
PATH: /usr/bin
PATH: /sbin
PATH: /bin
PATH: /usr/games
PATH: /usr/local/games
PATH: /usr/lib/wsl/lib
PATH: /mnt/c/Program Files (x86)/Common Files/Intel/Shared Libraries/redist/intel64/compiler
PATH: /mnt/c/Program Files (x86)/Common Files/Oracle/Java/javapath
PATH: /mnt/c/ProgramData/Oracle/Java/javapath
PATH: /mnt/c/WINDOWS/system32
PATH: /mnt/c/WINDOWS
PATH: /mnt/c/WINDOWS/System32/Wbem
PATH: /mnt/c/WINDOWS/System32/WindowsPowerShell/v1.0/
PATH: /mnt/c/WINDOWS/System32/OpenSSH/
PATH: /mnt/c/Program Files/PowerShell/7/
PATH: /mnt/c/Users/user/AppData/Local/Microsoft/WindowsApps
PATH: /mnt/c/Users/user/AppData/Local/GitHubDesktop/bin
PATH: /snap/bin
PATH: /home/hello/.dotnet/tools


## ----------- ##
## Core tests. ##
## ----------- ##

configure:2359: checking whether NLS is requested
configure:2368: result: yes
configure:2458: checking build system type
configure:2472: result: x86_64-unknown-linux-gnu
configure:2492: checking host system type
configure:2505: result: x86_64-unknown-linux-gnu
configure:2573: checking for gcc
configure:2589: found /usr/bin/gcc
configure:2600: result: gcc
configure:2829: checking for C compiler version
configure:2838: gcc --version >&5
gcc (Debian 11.2.0-13) 11.2.0
Copyright (C) 2021 Free Software Foundation, Inc.
This is free software; see the source for copying conditions.  There is NO
warranty; not even for MERCHANTABILITY or FITNESS FOR A PARTICULAR PURPOSE.

configure:2849: $? = 0
configure:2838: gcc -v >&5
Using built-in specs.
COLLECT_GCC=gcc
COLLECT_LTO_WRAPPER=/usr/lib/gcc/x86_64-linux-gnu/11/lto-wrapper
OFFLOAD_TARGET_NAMES=nvptx-none:amdgcn-amdhsa
OFFLOAD_TARGET_DEFAULT=1
Target: x86_64-linux-gnu
Configured with: ../src/configure -v --with-pkgversion='Debian 11.2.0-13' --with-bugurl=file:///usr/share/doc/gcc-11/README.Bugs --enable-languages=c,ada,c++,go,brig,d,fortran,objc,obj-c++,m2 --prefix=/usr --with-gcc-major-version-only --program-suffix=-11 --program-prefix=x86_64-linux-gnu- --enable-shared --enable-linker-build-id --libexecdir=/usr/lib --without-included-gettext --enable-threads=posix --libdir=/usr/lib --enable-nls --enable-bootstrap --enable-clocale=gnu --enable-libstdcxx-debug --enable-libstdcxx-time=yes --with-default-libstdcxx-abi=new --enable-gnu-unique-object --disable-vtable-verify --enable-plugin --enable-default-pie --with-system-zlib --enable-libphobos-checking=release --with-target-system-zlib=auto --enable-objc-gc=auto --enable-multiarch --disable-werror --enable-cet --with-arch-32=i686 --with-abi=m64 --with-multilib-list=m32,m64,mx32 --enable-multilib --with-tune=generic --enable-offload-targets=nvptx-none=/build/gcc-11-KdLYb3/gcc-11-11.2.0/debian/tmp-nvptx/usr,amdgcn-amdhsa=/build/gcc-11-KdLYb3/gcc-11-11.2.0/debian/tmp-gcn/usr --without-cuda-driver --enable-checking=release --build=x86_64-linux-gnu --host=x86_64-linux-gnu --target=x86_64-linux-gnu --with-build-config=bootstrap-lto-lean --enable-link-serialization=2
Thread model: posix
Supported LTO compression algorithms: zlib zstd
gcc version 11.2.0 (Debian 11.2.0-13) 
... rest of stderr output deleted ...
configure:2849: $? = 0
configure:2838: gcc -V >&5
gcc: error: unrecognized command-line option '-V'
gcc: fatal error: no input files
compilation terminated.
configure:2849: $? = 1
configure:2838: gcc -qversion >&5
gcc: error: unrecognized command-line option '-qversion'; did you mean '--version'?
gcc: fatal error: no input files
compilation terminated.
configure:2849: $? = 1
configure:2869: checking whether the C compiler works
configure:2891: gcc    conftest.c  >&5
configure:2895: $? = 0
configure:2943: result: yes
configure:2946: checking for C compiler default output file name
configure:2948: result: a.out
configure:2954: checking for suffix of executables
configure:2961: gcc -o conftest    conftest.c  >&5
configure:2965: $? = 0
configure:2987: result: 
configure:3009: checking whether we are cross compiling
configure:3017: gcc -o conftest    conftest.c  >&5
configure:3021: $? = 0
configure:3028: ./conftest
configure:3032: $? = 0
configure:3047: result: no
configure:3052: checking for suffix of object files
configure:3074: gcc -c   conftest.c >&5
configure:3078: $? = 0
configure:3099: result: o
configure:3103: checking whether we are using the GNU C compiler
configure:3122: gcc -c   conftest.c >&5
configure:3122: $? = 0
configure:3131: result: yes
configure:3140: checking whether gcc accepts -g
configure:3160: gcc -c -g  conftest.c >&5
configure:3160: $? = 0
configure:3201: result: yes
configure:3218: checking for gcc option to accept ISO C89
configure:3281: gcc  -c -g -O2  conftest.c >&5
configure:3281: $? = 0
configure:3294: result: none needed
configure:3315: checking for inline
configure:3331: gcc -c -g -O2  conftest.c >&5
configure:3331: $? = 0
configure:3339: result: inline
configure:3406: checking for gcc
configure:3433: result: gcc
configure:3662: checking for C compiler version
configure:3671: gcc --version >&5
gcc (Debian 11.2.0-13) 11.2.0
Copyright (C) 2021 Free Software Foundation, Inc.
This is free software; see the source for copying conditions.  There is NO
warranty; not even for MERCHANTABILITY or FITNESS FOR A PARTICULAR PURPOSE.

configure:3682: $? = 0
configure:3671: gcc -v >&5
Using built-in specs.
COLLECT_GCC=gcc
COLLECT_LTO_WRAPPER=/usr/lib/gcc/x86_64-linux-gnu/11/lto-wrapper
OFFLOAD_TARGET_NAMES=nvptx-none:amdgcn-amdhsa
OFFLOAD_TARGET_DEFAULT=1
Target: x86_64-linux-gnu
Configured with: ../src/configure -v --with-pkgversion='Debian 11.2.0-13' --with-bugurl=file:///usr/share/doc/gcc-11/README.Bugs --enable-languages=c,ada,c++,go,brig,d,fortran,objc,obj-c++,m2 --prefix=/usr --with-gcc-major-version-only --program-suffix=-11 --program-prefix=x86_64-linux-gnu- --enable-shared --enable-linker-build-id --libexecdir=/usr/lib --without-included-gettext --enable-threads=posix --libdir=/usr/lib --enable-nls --enable-bootstrap --enable-clocale=gnu --enable-libstdcxx-debug --enable-libstdcxx-time=yes --with-default-libstdcxx-abi=new --enable-gnu-unique-object --disable-vtable-verify --enable-plugin --enable-default-pie --with-system-zlib --enable-libphobos-checking=release --with-target-system-zlib=auto --enable-objc-gc=auto --enable-multiarch --disable-werror --enable-cet --with-arch-32=i686 --with-abi=m64 --with-multilib-list=m32,m64,mx32 --enable-multilib --with-tune=generic --enable-offload-targets=nvptx-none=/build/gcc-11-KdLYb3/gcc-11-11.2.0/debian/tmp-nvptx/usr,amdgcn-amdhsa=/build/gcc-11-KdLYb3/gcc-11-11.2.0/debian/tmp-gcn/usr --without-cuda-driver --enable-checking=release --build=x86_64-linux-gnu --host=x86_64-linux-gnu --target=x86_64-linux-gnu --with-build-config=bootstrap-lto-lean --enable-link-serialization=2
Thread model: posix
Supported LTO compression algorithms: zlib zstd
gcc version 11.2.0 (Debian 11.2.0-13) 
... rest of stderr output deleted ...
configure:3682: $? = 0
configure:3671: gcc -V >&5
gcc: error: unrecognized command-line option '-V'
gcc: fatal error: no input files
compilation terminated.
configure:3682: $? = 1
configure:3671: gcc -qversion >&5
gcc: error: unrecognized command-line option '-qversion'; did you mean '--version'?
gcc: fatal error: no input files
compilation terminated.
configure:3682: $? = 1
configure:3686: checking whether we are using the GNU C compiler
configure:3714: result: yes
configure:3723: checking whether gcc accepts -g
configure:3784: result: yes
configure:3801: checking for gcc option to accept ISO C89
configure:3877: result: none needed
configure:3955: checking for g++
configure:3971: found /usr/bin/g++
configure:3982: result: g++
configure:4009: checking for C++ compiler version
configure:4018: g++ --version >&5
g++ (Debian 11.2.0-13) 11.2.0
Copyright (C) 2021 Free Software Foundation, Inc.
This is free software; see the source for copying conditions.  There is NO
warranty; not even for MERCHANTABILITY or FITNESS FOR A PARTICULAR PURPOSE.

configure:4029: $? = 0
configure:4018: g++ -v >&5
Using built-in specs.
COLLECT_GCC=g++
COLLECT_LTO_WRAPPER=/usr/lib/gcc/x86_64-linux-gnu/11/lto-wrapper
OFFLOAD_TARGET_NAMES=nvptx-none:amdgcn-amdhsa
OFFLOAD_TARGET_DEFAULT=1
Target: x86_64-linux-gnu
Configured with: ../src/configure -v --with-pkgversion='Debian 11.2.0-13' --with-bugurl=file:///usr/share/doc/gcc-11/README.Bugs --enable-languages=c,ada,c++,go,brig,d,fortran,objc,obj-c++,m2 --prefix=/usr --with-gcc-major-version-only --program-suffix=-11 --program-prefix=x86_64-linux-gnu- --enable-shared --enable-linker-build-id --libexecdir=/usr/lib --without-included-gettext --enable-threads=posix --libdir=/usr/lib --enable-nls --enable-bootstrap --enable-clocale=gnu --enable-libstdcxx-debug --enable-libstdcxx-time=yes --with-default-libstdcxx-abi=new --enable-gnu-unique-object --disable-vtable-verify --enable-plugin --enable-default-pie --with-system-zlib --enable-libphobos-checking=release --with-target-system-zlib=auto --enable-objc-gc=auto --enable-multiarch --disable-werror --enable-cet --with-arch-32=i686 --with-abi=m64 --with-multilib-list=m32,m64,mx32 --enable-multilib --with-tune=generic --enable-offload-targets=nvptx-none=/build/gcc-11-KdLYb3/gcc-11-11.2.0/debian/tmp-nvptx/usr,amdgcn-amdhsa=/build/gcc-11-KdLYb3/gcc-11-11.2.0/debian/tmp-gcn/usr --without-cuda-driver --enable-checking=release --build=x86_64-linux-gnu --host=x86_64-linux-gnu --target=x86_64-linux-gnu --with-build-config=bootstrap-lto-lean --enable-link-serialization=2
Thread model: posix
Supported LTO compression algorithms: zlib zstd
gcc version 11.2.0 (Debian 11.2.0-13) 
... rest of stderr output deleted ...
configure:4029: $? = 0
configure:4018: g++ -V >&5
g++: error: unrecognized command-line option '-V'
g++: fatal error: no input files
compilation terminated.
configure:4029: $? = 1
configure:4018: g++ -qversion >&5
g++: error: unrecognized command-line option '-qversion'; did you mean '--version'?
g++: fatal error: no input files
compilation terminated.
configure:4029: $? = 1
configure:4033: checking whether we are using the GNU C++ compiler
configure:4052: g++ -c   conftest.cpp >&5
configure:4052: $? = 0
configure:4061: result: yes
configure:4070: checking whether g++ accepts -g
configure:4090: g++ -c -g  conftest.cpp >&5
configure:4090: $? = 0
configure:4131: result: yes
configure:4197: checking for ranlib
configure:4213: found /usr/bin/ranlib
configure:4224: result: ranlib
configure:4260: checking for a BSD-compatible install
configure:4328: result: /usr/bin/install -c
configure:4343: checking for gawk
configure:4359: found /usr/bin/gawk
configure:4370: result: gawk
configure:4392: checking for __func__
configure:4408: gcc -c -g -O2 -Wall  conftest.c >&5
configure:4408: $? = 0
configure:4415: result: yes
configure:4500: checking for strip
configure:4518: found /usr/bin/strip
configure:4530: result: /usr/bin/strip
configure:4904: checking how to run the C preprocessor
configure:4935: gcc -E  conftest.c
configure:4935: $? = 0
configure:4949: gcc -E  conftest.c
conftest.c:10:10: fatal error: ac_nonexistent.h: No such file or directory
   10 | #include <ac_nonexistent.h>
      |          ^~~~~~~~~~~~~~~~~~
compilation terminated.
configure:4949: $? = 1
configure: failed program was:
| /* confdefs.h */
| #define PACKAGE_NAME ""
| #define PACKAGE_TARNAME ""
| #define PACKAGE_VERSION ""
| #define PACKAGE_STRING ""
| #define PACKAGE_BUGREPORT ""
| #define PACKAGE_URL ""
| #define LINUX 1
| /* end confdefs.h.  */
| #include <ac_nonexistent.h>
configure:4974: result: gcc -E
configure:4994: gcc -E  conftest.c
configure:4994: $? = 0
configure:5008: gcc -E  conftest.c
conftest.c:10:10: fatal error: ac_nonexistent.h: No such file or directory
   10 | #include <ac_nonexistent.h>
      |          ^~~~~~~~~~~~~~~~~~
compilation terminated.
configure:5008: $? = 1
configure: failed program was:
| /* confdefs.h */
| #define PACKAGE_NAME ""
| #define PACKAGE_TARNAME ""
| #define PACKAGE_VERSION ""
| #define PACKAGE_STRING ""
| #define PACKAGE_BUGREPORT ""
| #define PACKAGE_URL ""
| #define LINUX 1
| /* end confdefs.h.  */
| #include <ac_nonexistent.h>
configure:5037: checking for grep that handles long lines and -e
configure:5095: result: /usr/bin/grep
configure:5100: checking for egrep
configure:5162: result: /usr/bin/grep -E
configure:5167: checking for ANSI C header files
configure:5187: gcc -c -g -O2 -Wall  conftest.c >&5
configure:5187: $? = 0
configure:5260: gcc -o conftest -g -O2 -Wall  -Wl,-E  conftest.c  >&5
configure:5260: $? = 0
configure:5260: ./conftest
configure:5260: $? = 0
configure:5271: result: yes
configure:5284: checking for sys/types.h
configure:5284: gcc -c -g -O2 -Wall  conftest.c >&5
configure:5284: $? = 0
configure:5284: result: yes
configure:5284: checking for sys/stat.h
configure:5284: gcc -c -g -O2 -Wall  conftest.c >&5
configure:5284: $? = 0
configure:5284: result: yes
configure:5284: checking for stdlib.h
configure:5284: gcc -c -g -O2 -Wall  conftest.c >&5
configure:5284: $? = 0
configure:5284: result: yes
configure:5284: checking for string.h
configure:5284: gcc -c -g -O2 -Wall  conftest.c >&5
configure:5284: $? = 0
configure:5284: result: yes
configure:5284: checking for memory.h
configure:5284: gcc -c -g -O2 -Wall  conftest.c >&5
configure:5284: $? = 0
configure:5284: result: yes
configure:5284: checking for strings.h
configure:5284: gcc -c -g -O2 -Wall  conftest.c >&5
configure:5284: $? = 0
configure:5284: result: yes
configure:5284: checking for inttypes.h
configure:5284: gcc -c -g -O2 -Wall  conftest.c >&5
configure:5284: $? = 0
configure:5284: result: yes
configure:5284: checking for stdint.h
configure:5284: gcc -c -g -O2 -Wall  conftest.c >&5
configure:5284: $? = 0
configure:5284: result: yes
configure:5284: checking for unistd.h
configure:5284: gcc -c -g -O2 -Wall  conftest.c >&5
configure:5284: $? = 0
configure:5284: result: yes
configure:5299: checking pwd.h usability
configure:5299: gcc -c -g -O2 -Wall  conftest.c >&5
configure:5299: $? = 0
configure:5299: result: yes
configure:5299: checking pwd.h presence
configure:5299: gcc -E  conftest.c
configure:5299: $? = 0
configure:5299: result: yes
configure:5299: checking for pwd.h
configure:5299: result: yes
configure:5299: checking termios.h usability
configure:5299: gcc -c -g -O2 -Wall  conftest.c >&5
configure:5299: $? = 0
configure:5299: result: yes
configure:5299: checking termios.h presence
configure:5299: gcc -E  conftest.c
configure:5299: $? = 0
configure:5299: result: yes
configure:5299: checking for termios.h
configure:5299: result: yes
configure:5299: checking sys/sockio.h usability
configure:5299: gcc -c -g -O2 -Wall  conftest.c >&5
conftest.c:55:10: fatal error: sys/sockio.h: No such file or directory
   55 | #include <sys/sockio.h>
      |          ^~~~~~~~~~~~~~
compilation terminated.
configure:5299: $? = 1
configure: failed program was:
| /* confdefs.h */
| #define PACKAGE_NAME ""
| #define PACKAGE_TARNAME ""
| #define PACKAGE_VERSION ""
| #define PACKAGE_STRING ""
| #define PACKAGE_BUGREPORT ""
| #define PACKAGE_URL ""
| #define LINUX 1
| #define STDC_HEADERS 1
| #define HAVE_SYS_TYPES_H 1
| #define HAVE_SYS_STAT_H 1
| #define HAVE_STDLIB_H 1
| #define HAVE_STRING_H 1
| #define HAVE_MEMORY_H 1
| #define HAVE_STRINGS_H 1
| #define HAVE_INTTYPES_H 1
| #define HAVE_STDINT_H 1
| #define HAVE_UNISTD_H 1
| #define HAVE_PWD_H 1
| #define HAVE_TERMIOS_H 1
| /* end confdefs.h.  */
| #include <stdio.h>
| #ifdef HAVE_SYS_TYPES_H
| # include <sys/types.h>
| #endif
| #ifdef HAVE_SYS_STAT_H
| # include <sys/stat.h>
| #endif
| #ifdef STDC_HEADERS
| # include <stdlib.h>
| # include <stddef.h>
| #else
| # ifdef HAVE_STDLIB_H
| #  include <stdlib.h>
| # endif
| #endif
| #ifdef HAVE_STRING_H
| # if !defined STDC_HEADERS && defined HAVE_MEMORY_H
| #  include <memory.h>
| # endif
| # include <string.h>
| #endif
| #ifdef HAVE_STRINGS_H
| # include <strings.h>
| #endif
| #ifdef HAVE_INTTYPES_H
| # include <inttypes.h>
| #endif
| #ifdef HAVE_STDINT_H
| # include <stdint.h>
| #endif
| #ifdef HAVE_UNISTD_H
| # include <unistd.h>
| #endif
| #include <sys/sockio.h>
configure:5299: result: no
configure:5299: checking sys/sockio.h presence
configure:5299: gcc -E  conftest.c
conftest.c:22:10: fatal error: sys/sockio.h: No such file or directory
   22 | #include <sys/sockio.h>
      |          ^~~~~~~~~~~~~~
compilation terminated.
configure:5299: $? = 1
configure: failed program was:
| /* confdefs.h */
| #define PACKAGE_NAME ""
| #define PACKAGE_TARNAME ""
| #define PACKAGE_VERSION ""
| #define PACKAGE_STRING ""
| #define PACKAGE_BUGREPORT ""
| #define PACKAGE_URL ""
| #define LINUX 1
| #define STDC_HEADERS 1
| #define HAVE_SYS_TYPES_H 1
| #define HAVE_SYS_STAT_H 1
| #define HAVE_STDLIB_H 1
| #define HAVE_STRING_H 1
| #define HAVE_MEMORY_H 1
| #define HAVE_STRINGS_H 1
| #define HAVE_INTTYPES_H 1
| #define HAVE_STDINT_H 1
| #define HAVE_UNISTD_H 1
| #define HAVE_PWD_H 1
| #define HAVE_TERMIOS_H 1
| /* end confdefs.h.  */
| #include <sys/sockio.h>
configure:5299: result: no
configure:5299: checking for sys/sockio.h
configure:5299: result: no
configure:5299: checking for stdint.h
configure:5299: result: yes
configure:5299: checking for sys/stat.h
configure:5299: result: yes
configure:5299: checking fcntl.h usability
configure:5299: gcc -c -g -O2 -Wall  conftest.c >&5
configure:5299: $? = 0
configure:5299: result: yes
configure:5299: checking fcntl.h presence
configure:5299: gcc -E  conftest.c
configure:5299: $? = 0
configure:5299: result: yes
configure:5299: checking for fcntl.h
configure:5299: result: yes
configure:5311: checking for linux/rtnetlink.h
configure:5311: gcc -c -g -O2 -Wall  conftest.c >&5
configure:5311: $? = 0
configure:5311: result: yes
configure:5324: checking sys/socket.h usability
configure:5324: gcc -c -g -O2 -Wall  conftest.c >&5
configure:5324: $? = 0
configure:5324: result: yes
configure:5324: checking sys/socket.h presence
configure:5324: gcc -E  conftest.c
configure:5324: $? = 0
configure:5324: result: yes
configure:5324: checking for sys/socket.h
configure:5324: result: yes
configure:5336: checking for net/if.h
configure:5336: gcc -c -g -O2 -Wall  conftest.c >&5
configure:5336: $? = 0
configure:5336: result: yes
configure:5360: checking for library containing setsockopt
configure:5391: gcc -o conftest -g -O2 -Wall  -Wl,-E  conftest.c  >&5
configure:5391: $? = 0
configure:5408: result: none required
configure:5416: checking for library containing gethostbyname
configure:5447: gcc -o conftest -g -O2 -Wall  -Wl,-E  conftest.c  >&5
configure:5447: $? = 0
configure:5464: result: none required
configure:5474: checking if AF_INET6 IPPROTO_RAW sockets include the packet header
configure:5482: result: yes
configure:5528: checking for a Python interpreter with version >= 2.4
configure:5545: python2 -c import sys # split strings by '.' and convert to numeric. Append some zeros # because we need at least 4 digits for the hex conversion. # map returns an iterator in Python 3.0 and a list in 2.x minver = list(map(int, '2.4'.split('.'))) + [0, 0, 0] minverhex = 0 # xrange is not present in Python 3.0 and range returns an iterator for i in list(range(0, 4)): minverhex = (minverhex << 8) + minver[i] sys.exit(sys.hexversion < minverhex)
configure:5548: $? = 0
configure:5554: result: python2
configure:5562: checking for python2
configure:5580: found /usr/bin/python2
configure:5592: result: /usr/bin/python2
configure:5610: checking for python2 version
configure:5617: result: 2.7
configure:5629: checking for python2 platform
configure:5636: result: linux2
configure:5662: checking for python2 script directory
configure:5697: result: ${prefix}/lib/python2.7/dist-packages
configure:5706: checking for python2 extension module directory
configure:5741: result: ${exec_prefix}/lib/python2.7/dist-packages
configure:5921: checking openssl/ssl.h usability
configure:5921: gcc -c -g -O2 -Wall  conftest.c >&5
configure:5921: $? = 0
configure:5921: result: yes
configure:5921: checking openssl/ssl.h presence
configure:5921: gcc -E  conftest.c
configure:5921: $? = 0
configure:5921: result: yes
configure:5921: checking for openssl/ssl.h
configure:5921: result: yes
configure:5938: checking for BIO_int_ctrl in -lcrypto
configure:5963: gcc -o conftest -g -O2 -Wall  -Wl,-E  conftest.c -lcrypto   >&5
configure:5963: $? = 0
configure:5972: result: yes
configure:5989: checking for SSL_new in -lssl
configure:6014: gcc -o conftest -g -O2 -Wall  -Wl,-E  conftest.c -lssl  -lcrypto   >&5
configure:6014: $? = 0
configure:6023: result: yes
configure:6039: checking for EVP_PKEY_get1_EC_KEY in -lcrypto
configure:6064: gcc -o conftest -g -O2 -Wall  -Wl,-E  conftest.c -lcrypto   >&5
configure:6064: $? = 0
configure:6073: result: yes
configure:6110: checking pcap.h usability
configure:6110: gcc -c -g -O2 -Wall  conftest.c >&5
configure:6110: $? = 0
configure:6110: result: yes
configure:6110: checking pcap.h presence
configure:6110: gcc -E  conftest.c
configure:6110: $? = 0
configure:6110: result: yes
configure:6110: checking for pcap.h
configure:6110: result: yes
configure:6113: checking for pcap_create in -lpcap
configure:6138: gcc -o conftest -g -O2 -Wall  -Wl,-E  conftest.c -lpcap   >&5
configure:6138: $? = 0
configure:6147: result: yes
configure:6241: checking sys/ioccom.h usability
configure:6241: gcc -c -g -O2 -Wall  conftest.c >&5
conftest.c:64:10: fatal error: sys/ioccom.h: No such file or directory
   64 | #include <sys/ioccom.h>
      |          ^~~~~~~~~~~~~~
compilation terminated.
configure:6241: $? = 1
configure: failed program was:
| /* confdefs.h */
| #define PACKAGE_NAME ""
| #define PACKAGE_TARNAME ""
| #define PACKAGE_VERSION ""
| #define PACKAGE_STRING ""
| #define PACKAGE_BUGREPORT ""
| #define PACKAGE_URL ""
| #define LINUX 1
| #define STDC_HEADERS 1
| #define HAVE_SYS_TYPES_H 1
| #define HAVE_SYS_STAT_H 1
| #define HAVE_STDLIB_H 1
| #define HAVE_STRING_H 1
| #define HAVE_MEMORY_H 1
| #define HAVE_STRINGS_H 1
| #define HAVE_INTTYPES_H 1
| #define HAVE_STDINT_H 1
| #define HAVE_UNISTD_H 1
| #define HAVE_PWD_H 1
| #define HAVE_TERMIOS_H 1
| #define HAVE_STDINT_H 1
| #define HAVE_SYS_STAT_H 1
| #define HAVE_FCNTL_H 1
| #define HAVE_LINUX_RTNETLINK_H 1
| #define HAVE_SYS_SOCKET_H 1
| #define HAVE_NET_IF_H 1
| #define HAVE_IPV6_IPPROTO_RAW 1
| #define HAVE_OPENSSL_EC 1
| #define HAVE_OPENSSL 1
| /* end confdefs.h.  */
| #include <stdio.h>
| #ifdef HAVE_SYS_TYPES_H
| # include <sys/types.h>
| #endif
| #ifdef HAVE_SYS_STAT_H
| # include <sys/stat.h>
| #endif
| #ifdef STDC_HEADERS
| # include <stdlib.h>
| # include <stddef.h>
| #else
| # ifdef HAVE_STDLIB_H
| #  include <stdlib.h>
| # endif
| #endif
| #ifdef HAVE_STRING_H
| # if !defined STDC_HEADERS && defined HAVE_MEMORY_H
| #  include <memory.h>
| # endif
| # include <string.h>
| #endif
| #ifdef HAVE_STRINGS_H
| # include <strings.h>
| #endif
| #ifdef HAVE_INTTYPES_H
| # include <inttypes.h>
| #endif
| #ifdef HAVE_STDINT_H
| # include <stdint.h>
| #endif
| #ifdef HAVE_UNISTD_H
| # include <unistd.h>
| #endif
| #include <sys/ioccom.h>
configure:6241: result: no
configure:6241: checking sys/ioccom.h presence
configure:6241: gcc -E  conftest.c
conftest.c:31:10: fatal error: sys/ioccom.h: No such file or directory
   31 | #include <sys/ioccom.h>
      |          ^~~~~~~~~~~~~~
compilation terminated.
configure:6241: $? = 1
configure: failed program was:
| /* confdefs.h */
| #define PACKAGE_NAME ""
| #define PACKAGE_TARNAME ""
| #define PACKAGE_VERSION ""
| #define PACKAGE_STRING ""
| #define PACKAGE_BUGREPORT ""
| #define PACKAGE_URL ""
| #define LINUX 1
| #define STDC_HEADERS 1
| #define HAVE_SYS_TYPES_H 1
| #define HAVE_SYS_STAT_H 1
| #define HAVE_STDLIB_H 1
| #define HAVE_STRING_H 1
| #define HAVE_MEMORY_H 1
| #define HAVE_STRINGS_H 1
| #define HAVE_INTTYPES_H 1
| #define HAVE_STDINT_H 1
| #define HAVE_UNISTD_H 1
| #define HAVE_PWD_H 1
| #define HAVE_TERMIOS_H 1
| #define HAVE_STDINT_H 1
| #define HAVE_SYS_STAT_H 1
| #define HAVE_FCNTL_H 1
| #define HAVE_LINUX_RTNETLINK_H 1
| #define HAVE_SYS_SOCKET_H 1
| #define HAVE_NET_IF_H 1
| #define HAVE_IPV6_IPPROTO_RAW 1
| #define HAVE_OPENSSL_EC 1
| #define HAVE_OPENSSL 1
| /* end confdefs.h.  */
| #include <sys/ioccom.h>
configure:6241: result: no
configure:6241: checking for sys/ioccom.h
configure:6241: result: no
configure:6241: checking sys/time.h usability
configure:6241: gcc -c -g -O2 -Wall  conftest.c >&5
configure:6241: $? = 0
configure:6241: result: yes
configure:6241: checking sys/time.h presence
configure:6241: gcc -E  conftest.c
configure:6241: $? = 0
configure:6241: result: yes
configure:6241: checking for sys/time.h
configure:6241: result: yes
configure:6241: checking net/bpf.h usability
configure:6241: gcc -c -g -O2 -Wall  conftest.c >&5
conftest.c:65:10: fatal error: net/bpf.h: No such file or directory
   65 | #include <net/bpf.h>
      |          ^~~~~~~~~~~
compilation terminated.
configure:6241: $? = 1
configure: failed program was:
| /* confdefs.h */
| #define PACKAGE_NAME ""
| #define PACKAGE_TARNAME ""
| #define PACKAGE_VERSION ""
| #define PACKAGE_STRING ""
| #define PACKAGE_BUGREPORT ""
| #define PACKAGE_URL ""
| #define LINUX 1
| #define STDC_HEADERS 1
| #define HAVE_SYS_TYPES_H 1
| #define HAVE_SYS_STAT_H 1
| #define HAVE_STDLIB_H 1
| #define HAVE_STRING_H 1
| #define HAVE_MEMORY_H 1
| #define HAVE_STRINGS_H 1
| #define HAVE_INTTYPES_H 1
| #define HAVE_STDINT_H 1
| #define HAVE_UNISTD_H 1
| #define HAVE_PWD_H 1
| #define HAVE_TERMIOS_H 1
| #define HAVE_STDINT_H 1
| #define HAVE_SYS_STAT_H 1
| #define HAVE_FCNTL_H 1
| #define HAVE_LINUX_RTNETLINK_H 1
| #define HAVE_SYS_SOCKET_H 1
| #define HAVE_NET_IF_H 1
| #define HAVE_IPV6_IPPROTO_RAW 1
| #define HAVE_OPENSSL_EC 1
| #define HAVE_OPENSSL 1
| #define HAVE_SYS_TIME_H 1
| /* end confdefs.h.  */
| #include <stdio.h>
| #ifdef HAVE_SYS_TYPES_H
| # include <sys/types.h>
| #endif
| #ifdef HAVE_SYS_STAT_H
| # include <sys/stat.h>
| #endif
| #ifdef STDC_HEADERS
| # include <stdlib.h>
| # include <stddef.h>
| #else
| # ifdef HAVE_STDLIB_H
| #  include <stdlib.h>
| # endif
| #endif
| #ifdef HAVE_STRING_H
| # if !defined STDC_HEADERS && defined HAVE_MEMORY_H
| #  include <memory.h>
| # endif
| # include <string.h>
| #endif
| #ifdef HAVE_STRINGS_H
| # include <strings.h>
| #endif
| #ifdef HAVE_INTTYPES_H
| # include <inttypes.h>
| #endif
| #ifdef HAVE_STDINT_H
| # include <stdint.h>
| #endif
| #ifdef HAVE_UNISTD_H
| # include <unistd.h>
| #endif
| #include <net/bpf.h>
configure:6241: result: no
configure:6241: checking net/bpf.h presence
configure:6241: gcc -E  conftest.c
conftest.c:32:10: fatal error: net/bpf.h: No such file or directory
   32 | #include <net/bpf.h>
      |          ^~~~~~~~~~~
compilation terminated.
configure:6241: $? = 1
configure: failed program was:
| /* confdefs.h */
| #define PACKAGE_NAME ""
| #define PACKAGE_TARNAME ""
| #define PACKAGE_VERSION ""
| #define PACKAGE_STRING ""
| #define PACKAGE_BUGREPORT ""
| #define PACKAGE_URL ""
| #define LINUX 1
| #define STDC_HEADERS 1
| #define HAVE_SYS_TYPES_H 1
| #define HAVE_SYS_STAT_H 1
| #define HAVE_STDLIB_H 1
| #define HAVE_STRING_H 1
| #define HAVE_MEMORY_H 1
| #define HAVE_STRINGS_H 1
| #define HAVE_INTTYPES_H 1
| #define HAVE_STDINT_H 1
| #define HAVE_UNISTD_H 1
| #define HAVE_PWD_H 1
| #define HAVE_TERMIOS_H 1
| #define HAVE_STDINT_H 1
| #define HAVE_SYS_STAT_H 1
| #define HAVE_FCNTL_H 1
| #define HAVE_LINUX_RTNETLINK_H 1
| #define HAVE_SYS_SOCKET_H 1
| #define HAVE_NET_IF_H 1
| #define HAVE_IPV6_IPPROTO_RAW 1
| #define HAVE_OPENSSL_EC 1
| #define HAVE_OPENSSL 1
| #define HAVE_SYS_TIME_H 1
| /* end confdefs.h.  */
| #include <net/bpf.h>
configure:6241: result: no
configure:6241: checking for net/bpf.h
configure:6241: result: no
configure:6251: checking if libpcap is suitable
configure:6275: gcc -o conftest -g -O2 -Wall  -Wl,-E  conftest.c  -lpcap >&5
configure:6275: $? = 0
configure:6275: ./conftest
configure:6275: $? = 0
configure:6313: gcc -o conftest -g -O2 -Wall  -Wl,-E  conftest.c  -lpcap >&5
configure:6313: $? = 0
configure:6313: ./conftest
configure:6313: $? = 0
configure:6315: checking whether pcap_get_selectable_fd is declared
configure:6315: gcc -c -g -O2 -Wall  conftest.c >&5
configure:6315: $? = 0
configure:6315: result: yes
configure:6318: result: yes
configure:6372: checking for pcap_set_immediate_mode
configure:6372: gcc -o conftest -g -O2 -Wall  -Wl,-E  conftest.c  -lpcap >&5
configure:6372: $? = 0
configure:6372: result: yes
configure:6424: checking pcre.h usability
configure:6424: gcc -c -g -O2 -Wall  conftest.c >&5
conftest.c:67:10: fatal error: pcre.h: No such file or directory
   67 | #include <pcre.h>
      |          ^~~~~~~~
compilation terminated.
configure:6424: $? = 1
configure: failed program was:
| /* confdefs.h */
| #define PACKAGE_NAME ""
| #define PACKAGE_TARNAME ""
| #define PACKAGE_VERSION ""
| #define PACKAGE_STRING ""
| #define PACKAGE_BUGREPORT ""
| #define PACKAGE_URL ""
| #define LINUX 1
| #define STDC_HEADERS 1
| #define HAVE_SYS_TYPES_H 1
| #define HAVE_SYS_STAT_H 1
| #define HAVE_STDLIB_H 1
| #define HAVE_STRING_H 1
| #define HAVE_MEMORY_H 1
| #define HAVE_STRINGS_H 1
| #define HAVE_INTTYPES_H 1
| #define HAVE_STDINT_H 1
| #define HAVE_UNISTD_H 1
| #define HAVE_PWD_H 1
| #define HAVE_TERMIOS_H 1
| #define HAVE_STDINT_H 1
| #define HAVE_SYS_STAT_H 1
| #define HAVE_FCNTL_H 1
| #define HAVE_LINUX_RTNETLINK_H 1
| #define HAVE_SYS_SOCKET_H 1
| #define HAVE_NET_IF_H 1
| #define HAVE_IPV6_IPPROTO_RAW 1
| #define HAVE_OPENSSL_EC 1
| #define HAVE_OPENSSL 1
| #define HAVE_SYS_TIME_H 1
| #define HAVE_PCAP_SET_IMMEDIATE_MODE 1
| #define HAVE_LIBPCAP 1
| /* end confdefs.h.  */
| #include <stdio.h>
| #ifdef HAVE_SYS_TYPES_H
| # include <sys/types.h>
| #endif
| #ifdef HAVE_SYS_STAT_H
| # include <sys/stat.h>
| #endif
| #ifdef STDC_HEADERS
| # include <stdlib.h>
| # include <stddef.h>
| #else
| # ifdef HAVE_STDLIB_H
| #  include <stdlib.h>
| # endif
| #endif
| #ifdef HAVE_STRING_H
| # if !defined STDC_HEADERS && defined HAVE_MEMORY_H
| #  include <memory.h>
| # endif
| # include <string.h>
| #endif
| #ifdef HAVE_STRINGS_H
| # include <strings.h>
| #endif
| #ifdef HAVE_INTTYPES_H
| # include <inttypes.h>
| #endif
| #ifdef HAVE_STDINT_H
| # include <stdint.h>
| #endif
| #ifdef HAVE_UNISTD_H
| # include <unistd.h>
| #endif
| #include <pcre.h>
configure:6424: result: no
configure:6424: checking pcre.h presence
configure:6424: gcc -E  conftest.c
conftest.c:34:10: fatal error: pcre.h: No such file or directory
   34 | #include <pcre.h>
      |          ^~~~~~~~
compilation terminated.
configure:6424: $? = 1
configure: failed program was:
| /* confdefs.h */
| #define PACKAGE_NAME ""
| #define PACKAGE_TARNAME ""
| #define PACKAGE_VERSION ""
| #define PACKAGE_STRING ""
| #define PACKAGE_BUGREPORT ""
| #define PACKAGE_URL ""
| #define LINUX 1
| #define STDC_HEADERS 1
| #define HAVE_SYS_TYPES_H 1
| #define HAVE_SYS_STAT_H 1
| #define HAVE_STDLIB_H 1
| #define HAVE_STRING_H 1
| #define HAVE_MEMORY_H 1
| #define HAVE_STRINGS_H 1
| #define HAVE_INTTYPES_H 1
| #define HAVE_STDINT_H 1
| #define HAVE_UNISTD_H 1
| #define HAVE_PWD_H 1
| #define HAVE_TERMIOS_H 1
| #define HAVE_STDINT_H 1
| #define HAVE_SYS_STAT_H 1
| #define HAVE_FCNTL_H 1
| #define HAVE_LINUX_RTNETLINK_H 1
| #define HAVE_SYS_SOCKET_H 1
| #define HAVE_NET_IF_H 1
| #define HAVE_IPV6_IPPROTO_RAW 1
| #define HAVE_OPENSSL_EC 1
| #define HAVE_OPENSSL 1
| #define HAVE_SYS_TIME_H 1
| #define HAVE_PCAP_SET_IMMEDIATE_MODE 1
| #define HAVE_LIBPCAP 1
| /* end confdefs.h.  */
| #include <pcre.h>
configure:6424: result: no
configure:6424: checking for pcre.h
configure:6424: result: no
configure:6467: checking pcre/pcre.h usability
configure:6467: gcc -c -g -O2 -Wall  conftest.c >&5
conftest.c:67:10: fatal error: pcre/pcre.h: No such file or directory
   67 | #include <pcre/pcre.h>
      |          ^~~~~~~~~~~~~
compilation terminated.
configure:6467: $? = 1
configure: failed program was:
| /* confdefs.h */
| #define PACKAGE_NAME ""
| #define PACKAGE_TARNAME ""
| #define PACKAGE_VERSION ""
| #define PACKAGE_STRING ""
| #define PACKAGE_BUGREPORT ""
| #define PACKAGE_URL ""
| #define LINUX 1
| #define STDC_HEADERS 1
| #define HAVE_SYS_TYPES_H 1
| #define HAVE_SYS_STAT_H 1
| #define HAVE_STDLIB_H 1
| #define HAVE_STRING_H 1
| #define HAVE_MEMORY_H 1
| #define HAVE_STRINGS_H 1
| #define HAVE_INTTYPES_H 1
| #define HAVE_STDINT_H 1
| #define HAVE_UNISTD_H 1
| #define HAVE_PWD_H 1
| #define HAVE_TERMIOS_H 1
| #define HAVE_STDINT_H 1
| #define HAVE_SYS_STAT_H 1
| #define HAVE_FCNTL_H 1
| #define HAVE_LINUX_RTNETLINK_H 1
| #define HAVE_SYS_SOCKET_H 1
| #define HAVE_NET_IF_H 1
| #define HAVE_IPV6_IPPROTO_RAW 1
| #define HAVE_OPENSSL_EC 1
| #define HAVE_OPENSSL 1
| #define HAVE_SYS_TIME_H 1
| #define HAVE_PCAP_SET_IMMEDIATE_MODE 1
| #define HAVE_LIBPCAP 1
| /* end confdefs.h.  */
| #include <stdio.h>
| #ifdef HAVE_SYS_TYPES_H
| # include <sys/types.h>
| #endif
| #ifdef HAVE_SYS_STAT_H
| # include <sys/stat.h>
| #endif
| #ifdef STDC_HEADERS
| # include <stdlib.h>
| # include <stddef.h>
| #else
| # ifdef HAVE_STDLIB_H
| #  include <stdlib.h>
| # endif
| #endif
| #ifdef HAVE_STRING_H
| # if !defined STDC_HEADERS && defined HAVE_MEMORY_H
| #  include <memory.h>
| # endif
| # include <string.h>
| #endif
| #ifdef HAVE_STRINGS_H
| # include <strings.h>
| #endif
| #ifdef HAVE_INTTYPES_H
| # include <inttypes.h>
| #endif
| #ifdef HAVE_STDINT_H
| # include <stdint.h>
| #endif
| #ifdef HAVE_UNISTD_H
| # include <unistd.h>
| #endif
| #include <pcre/pcre.h>
configure:6467: result: no
configure:6467: checking pcre/pcre.h presence
configure:6467: gcc -E  conftest.c
conftest.c:34:10: fatal error: pcre/pcre.h: No such file or directory
   34 | #include <pcre/pcre.h>
      |          ^~~~~~~~~~~~~
compilation terminated.
configure:6467: $? = 1
configure: failed program was:
| /* confdefs.h */
| #define PACKAGE_NAME ""
| #define PACKAGE_TARNAME ""
| #define PACKAGE_VERSION ""
| #define PACKAGE_STRING ""
| #define PACKAGE_BUGREPORT ""
| #define PACKAGE_URL ""
| #define LINUX 1
| #define STDC_HEADERS 1
| #define HAVE_SYS_TYPES_H 1
| #define HAVE_SYS_STAT_H 1
| #define HAVE_STDLIB_H 1
| #define HAVE_STRING_H 1
| #define HAVE_MEMORY_H 1
| #define HAVE_STRINGS_H 1
| #define HAVE_INTTYPES_H 1
| #define HAVE_STDINT_H 1
| #define HAVE_UNISTD_H 1
| #define HAVE_PWD_H 1
| #define HAVE_TERMIOS_H 1
| #define HAVE_STDINT_H 1
| #define HAVE_SYS_STAT_H 1
| #define HAVE_FCNTL_H 1
| #define HAVE_LINUX_RTNETLINK_H 1
| #define HAVE_SYS_SOCKET_H 1
| #define HAVE_NET_IF_H 1
| #define HAVE_IPV6_IPPROTO_RAW 1
| #define HAVE_OPENSSL_EC 1
| #define HAVE_OPENSSL 1
| #define HAVE_SYS_TIME_H 1
| #define HAVE_PCAP_SET_IMMEDIATE_MODE 1
| #define HAVE_LIBPCAP 1
| /* end confdefs.h.  */
| #include <pcre/pcre.h>
configure:6467: result: no
configure:6467: checking for pcre/pcre.h
configure:6467: result: no
configure:6650: checking zlib.h usability
configure:6650: gcc -c -g -O2 -Wall -I$(top_srcdir)/libpcre  conftest.c >&5
configure:6650: $? = 0
configure:6650: result: yes
configure:6650: checking zlib.h presence
configure:6650: gcc -E -I$(top_srcdir)/libpcre  conftest.c
configure:6650: $? = 0
configure:6650: result: yes
configure:6650: checking for zlib.h
configure:6650: result: yes
configure:6653: checking for gzread in -lz
configure:6678: gcc -o conftest -g -O2 -Wall -I$(top_srcdir)/libpcre  -Wl,-E  conftest.c -lz -lm  >&5
configure:6678: $? = 0
configure:6687: result: yes
configure:6827: checking libssh2.h usability
configure:6827: gcc -c -g -O2 -Wall -I$(top_srcdir)/libpcre  conftest.c >&5
conftest.c:69:10: fatal error: libssh2.h: No such file or directory
   69 | #include <libssh2.h>
      |          ^~~~~~~~~~~
compilation terminated.
configure:6827: $? = 1
configure: failed program was:
| /* confdefs.h */
| #define PACKAGE_NAME ""
| #define PACKAGE_TARNAME ""
| #define PACKAGE_VERSION ""
| #define PACKAGE_STRING ""
| #define PACKAGE_BUGREPORT ""
| #define PACKAGE_URL ""
| #define LINUX 1
| #define STDC_HEADERS 1
| #define HAVE_SYS_TYPES_H 1
| #define HAVE_SYS_STAT_H 1
| #define HAVE_STDLIB_H 1
| #define HAVE_STRING_H 1
| #define HAVE_MEMORY_H 1
| #define HAVE_STRINGS_H 1
| #define HAVE_INTTYPES_H 1
| #define HAVE_STDINT_H 1
| #define HAVE_UNISTD_H 1
| #define HAVE_PWD_H 1
| #define HAVE_TERMIOS_H 1
| #define HAVE_STDINT_H 1
| #define HAVE_SYS_STAT_H 1
| #define HAVE_FCNTL_H 1
| #define HAVE_LINUX_RTNETLINK_H 1
| #define HAVE_SYS_SOCKET_H 1
| #define HAVE_NET_IF_H 1
| #define HAVE_IPV6_IPPROTO_RAW 1
| #define HAVE_OPENSSL_EC 1
| #define HAVE_OPENSSL 1
| #define HAVE_SYS_TIME_H 1
| #define HAVE_PCAP_SET_IMMEDIATE_MODE 1
| #define HAVE_LIBPCAP 1
| #define PCRE_INCLUDED 1
| #define HAVE_LIBZ 1
| /* end confdefs.h.  */
| #include <stdio.h>
| #ifdef HAVE_SYS_TYPES_H
| # include <sys/types.h>
| #endif
| #ifdef HAVE_SYS_STAT_H
| # include <sys/stat.h>
| #endif
| #ifdef STDC_HEADERS
| # include <stdlib.h>
| # include <stddef.h>
| #else
| # ifdef HAVE_STDLIB_H
| #  include <stdlib.h>
| # endif
| #endif
| #ifdef HAVE_STRING_H
| # if !defined STDC_HEADERS && defined HAVE_MEMORY_H
| #  include <memory.h>
| # endif
| # include <string.h>
| #endif
| #ifdef HAVE_STRINGS_H
| # include <strings.h>
| #endif
| #ifdef HAVE_INTTYPES_H
| # include <inttypes.h>
| #endif
| #ifdef HAVE_STDINT_H
| # include <stdint.h>
| #endif
| #ifdef HAVE_UNISTD_H
| # include <unistd.h>
| #endif
| #include <libssh2.h>
configure:6827: result: no
configure:6827: checking libssh2.h presence
configure:6827: gcc -E -I$(top_srcdir)/libpcre  conftest.c
conftest.c:36:10: fatal error: libssh2.h: No such file or directory
   36 | #include <libssh2.h>
      |          ^~~~~~~~~~~
compilation terminated.
configure:6827: $? = 1
configure: failed program was:
| /* confdefs.h */
| #define PACKAGE_NAME ""
| #define PACKAGE_TARNAME ""
| #define PACKAGE_VERSION ""
| #define PACKAGE_STRING ""
| #define PACKAGE_BUGREPORT ""
| #define PACKAGE_URL ""
| #define LINUX 1
| #define STDC_HEADERS 1
| #define HAVE_SYS_TYPES_H 1
| #define HAVE_SYS_STAT_H 1
| #define HAVE_STDLIB_H 1
| #define HAVE_STRING_H 1
| #define HAVE_MEMORY_H 1
| #define HAVE_STRINGS_H 1
| #define HAVE_INTTYPES_H 1
| #define HAVE_STDINT_H 1
| #define HAVE_UNISTD_H 1
| #define HAVE_PWD_H 1
| #define HAVE_TERMIOS_H 1
| #define HAVE_STDINT_H 1
| #define HAVE_SYS_STAT_H 1
| #define HAVE_FCNTL_H 1
| #define HAVE_LINUX_RTNETLINK_H 1
| #define HAVE_SYS_SOCKET_H 1
| #define HAVE_NET_IF_H 1
| #define HAVE_IPV6_IPPROTO_RAW 1
| #define HAVE_OPENSSL_EC 1
| #define HAVE_OPENSSL 1
| #define HAVE_SYS_TIME_H 1
| #define HAVE_PCAP_SET_IMMEDIATE_MODE 1
| #define HAVE_LIBPCAP 1
| #define PCRE_INCLUDED 1
| #define HAVE_LIBZ 1
| /* end confdefs.h.  */
| #include <libssh2.h>
configure:6827: result: no
configure:6827: checking for libssh2.h
configure:6827: result: no
configure:7003: checking for library containing dlopen
configure:7034: gcc -o conftest -g -O2 -Wall -I$(top_srcdir)/libdnet-stripped/include -I$(top_srcdir)/libssh2/include -I$(top_srcdir)/libpcre  -Wl,-E  conftest.c  >&5
/usr/bin/ld: /tmp/ccBq1wVg.o: in function `main':
/home/hello/toolkit/nmap/conftest.c:50: undefined reference to `dlopen'
collect2: error: ld returned 1 exit status
configure:7034: $? = 1
configure: failed program was:
| /* confdefs.h */
| #define PACKAGE_NAME ""
| #define PACKAGE_TARNAME ""
| #define PACKAGE_VERSION ""
| #define PACKAGE_STRING ""
| #define PACKAGE_BUGREPORT ""
| #define PACKAGE_URL ""
| #define LINUX 1
| #define STDC_HEADERS 1
| #define HAVE_SYS_TYPES_H 1
| #define HAVE_SYS_STAT_H 1
| #define HAVE_STDLIB_H 1
| #define HAVE_STRING_H 1
| #define HAVE_MEMORY_H 1
| #define HAVE_STRINGS_H 1
| #define HAVE_INTTYPES_H 1
| #define HAVE_STDINT_H 1
| #define HAVE_UNISTD_H 1
| #define HAVE_PWD_H 1
| #define HAVE_TERMIOS_H 1
| #define HAVE_STDINT_H 1
| #define HAVE_SYS_STAT_H 1
| #define HAVE_FCNTL_H 1
| #define HAVE_LINUX_RTNETLINK_H 1
| #define HAVE_SYS_SOCKET_H 1
| #define HAVE_NET_IF_H 1
| #define HAVE_IPV6_IPPROTO_RAW 1
| #define HAVE_OPENSSL_EC 1
| #define HAVE_OPENSSL 1
| #define HAVE_SYS_TIME_H 1
| #define HAVE_PCAP_SET_IMMEDIATE_MODE 1
| #define HAVE_LIBPCAP 1
| #define PCRE_INCLUDED 1
| #define HAVE_LIBZ 1
| #define LIBSSH2_INCLUDED 1
| #define HAVE_LIBSSH2 1
| #define DNET_INCLUDED 1
| /* end confdefs.h.  */
| 
| /* Override any GCC internal prototype to avoid an error.
|    Use char because int might match the return type of a GCC
|    builtin and then its argument prototype would still apply.  */
| #ifdef __cplusplus
| extern "C"
| #endif
| char dlopen ();
| int
| main ()
| {
| return dlopen ();
|   ;
|   return 0;
| }
configure:7034: gcc -o conftest -g -O2 -Wall -I$(top_srcdir)/libdnet-stripped/include -I$(top_srcdir)/libssh2/include -I$(top_srcdir)/libpcre  -Wl,-E  conftest.c -ldl   >&5
configure:7034: $? = 0
configure:7051: result: -ldl
configure:7078: checking lua5.3/lua.h usability
configure:7078: gcc -c -g -O2 -Wall -I$(top_srcdir)/libdnet-stripped/include -I$(top_srcdir)/libssh2/include -I$(top_srcdir)/libpcre  conftest.c >&5
conftest.c:72:10: fatal error: lua5.3/lua.h: No such file or directory
   72 | #include <lua5.3/lua.h>
      |          ^~~~~~~~~~~~~~
compilation terminated.
configure:7078: $? = 1
configure: failed program was:
| /* confdefs.h */
| #define PACKAGE_NAME ""
| #define PACKAGE_TARNAME ""
| #define PACKAGE_VERSION ""
| #define PACKAGE_STRING ""
| #define PACKAGE_BUGREPORT ""
| #define PACKAGE_URL ""
| #define LINUX 1
| #define STDC_HEADERS 1
| #define HAVE_SYS_TYPES_H 1
| #define HAVE_SYS_STAT_H 1
| #define HAVE_STDLIB_H 1
| #define HAVE_STRING_H 1
| #define HAVE_MEMORY_H 1
| #define HAVE_STRINGS_H 1
| #define HAVE_INTTYPES_H 1
| #define HAVE_STDINT_H 1
| #define HAVE_UNISTD_H 1
| #define HAVE_PWD_H 1
| #define HAVE_TERMIOS_H 1
| #define HAVE_STDINT_H 1
| #define HAVE_SYS_STAT_H 1
| #define HAVE_FCNTL_H 1
| #define HAVE_LINUX_RTNETLINK_H 1
| #define HAVE_SYS_SOCKET_H 1
| #define HAVE_NET_IF_H 1
| #define HAVE_IPV6_IPPROTO_RAW 1
| #define HAVE_OPENSSL_EC 1
| #define HAVE_OPENSSL 1
| #define HAVE_SYS_TIME_H 1
| #define HAVE_PCAP_SET_IMMEDIATE_MODE 1
| #define HAVE_LIBPCAP 1
| #define PCRE_INCLUDED 1
| #define HAVE_LIBZ 1
| #define LIBSSH2_INCLUDED 1
| #define HAVE_LIBSSH2 1
| #define DNET_INCLUDED 1
| /* end confdefs.h.  */
| #include <stdio.h>
| #ifdef HAVE_SYS_TYPES_H
| # include <sys/types.h>
| #endif
| #ifdef HAVE_SYS_STAT_H
| # include <sys/stat.h>
| #endif
| #ifdef STDC_HEADERS
| # include <stdlib.h>
| # include <stddef.h>
| #else
| # ifdef HAVE_STDLIB_H
| #  include <stdlib.h>
| # endif
| #endif
| #ifdef HAVE_STRING_H
| # if !defined STDC_HEADERS && defined HAVE_MEMORY_H
| #  include <memory.h>
| # endif
| # include <string.h>
| #endif
| #ifdef HAVE_STRINGS_H
| # include <strings.h>
| #endif
| #ifdef HAVE_INTTYPES_H
| # include <inttypes.h>
| #endif
| #ifdef HAVE_STDINT_H
| # include <stdint.h>
| #endif
| #ifdef HAVE_UNISTD_H
| # include <unistd.h>
| #endif
| #include <lua5.3/lua.h>
configure:7078: result: no
configure:7078: checking lua5.3/lua.h presence
configure:7078: gcc -E -I$(top_srcdir)/libdnet-stripped/include -I$(top_srcdir)/libssh2/include -I$(top_srcdir)/libpcre  conftest.c
conftest.c:39:10: fatal error: lua5.3/lua.h: No such file or directory
   39 | #include <lua5.3/lua.h>
      |          ^~~~~~~~~~~~~~
compilation terminated.
configure:7078: $? = 1
configure: failed program was:
| /* confdefs.h */
| #define PACKAGE_NAME ""
| #define PACKAGE_TARNAME ""
| #define PACKAGE_VERSION ""
| #define PACKAGE_STRING ""
| #define PACKAGE_BUGREPORT ""
| #define PACKAGE_URL ""
| #define LINUX 1
| #define STDC_HEADERS 1
| #define HAVE_SYS_TYPES_H 1
| #define HAVE_SYS_STAT_H 1
| #define HAVE_STDLIB_H 1
| #define HAVE_STRING_H 1
| #define HAVE_MEMORY_H 1
| #define HAVE_STRINGS_H 1
| #define HAVE_INTTYPES_H 1
| #define HAVE_STDINT_H 1
| #define HAVE_UNISTD_H 1
| #define HAVE_PWD_H 1
| #define HAVE_TERMIOS_H 1
| #define HAVE_STDINT_H 1
| #define HAVE_SYS_STAT_H 1
| #define HAVE_FCNTL_H 1
| #define HAVE_LINUX_RTNETLINK_H 1
| #define HAVE_SYS_SOCKET_H 1
| #define HAVE_NET_IF_H 1
| #define HAVE_IPV6_IPPROTO_RAW 1
| #define HAVE_OPENSSL_EC 1
| #define HAVE_OPENSSL 1
| #define HAVE_SYS_TIME_H 1
| #define HAVE_PCAP_SET_IMMEDIATE_MODE 1
| #define HAVE_LIBPCAP 1
| #define PCRE_INCLUDED 1
| #define HAVE_LIBZ 1
| #define LIBSSH2_INCLUDED 1
| #define HAVE_LIBSSH2 1
| #define DNET_INCLUDED 1
| /* end confdefs.h.  */
| #include <lua5.3/lua.h>
configure:7078: result: no
configure:7078: checking for lua5.3/lua.h
configure:7078: result: no
configure:7078: checking lua/5.3/lua.h usability
configure:7078: gcc -c -g -O2 -Wall -I$(top_srcdir)/libdnet-stripped/include -I$(top_srcdir)/libssh2/include -I$(top_srcdir)/libpcre  conftest.c >&5
conftest.c:72:10: fatal error: lua/5.3/lua.h: No such file or directory
   72 | #include <lua/5.3/lua.h>
      |          ^~~~~~~~~~~~~~~
compilation terminated.
configure:7078: $? = 1
configure: failed program was:
| /* confdefs.h */
| #define PACKAGE_NAME ""
| #define PACKAGE_TARNAME ""
| #define PACKAGE_VERSION ""
| #define PACKAGE_STRING ""
| #define PACKAGE_BUGREPORT ""
| #define PACKAGE_URL ""
| #define LINUX 1
| #define STDC_HEADERS 1
| #define HAVE_SYS_TYPES_H 1
| #define HAVE_SYS_STAT_H 1
| #define HAVE_STDLIB_H 1
| #define HAVE_STRING_H 1
| #define HAVE_MEMORY_H 1
| #define HAVE_STRINGS_H 1
| #define HAVE_INTTYPES_H 1
| #define HAVE_STDINT_H 1
| #define HAVE_UNISTD_H 1
| #define HAVE_PWD_H 1
| #define HAVE_TERMIOS_H 1
| #define HAVE_STDINT_H 1
| #define HAVE_SYS_STAT_H 1
| #define HAVE_FCNTL_H 1
| #define HAVE_LINUX_RTNETLINK_H 1
| #define HAVE_SYS_SOCKET_H 1
| #define HAVE_NET_IF_H 1
| #define HAVE_IPV6_IPPROTO_RAW 1
| #define HAVE_OPENSSL_EC 1
| #define HAVE_OPENSSL 1
| #define HAVE_SYS_TIME_H 1
| #define HAVE_PCAP_SET_IMMEDIATE_MODE 1
| #define HAVE_LIBPCAP 1
| #define PCRE_INCLUDED 1
| #define HAVE_LIBZ 1
| #define LIBSSH2_INCLUDED 1
| #define HAVE_LIBSSH2 1
| #define DNET_INCLUDED 1
| /* end confdefs.h.  */
| #include <stdio.h>
| #ifdef HAVE_SYS_TYPES_H
| # include <sys/types.h>
| #endif
| #ifdef HAVE_SYS_STAT_H
| # include <sys/stat.h>
| #endif
| #ifdef STDC_HEADERS
| # include <stdlib.h>
| # include <stddef.h>
| #else
| # ifdef HAVE_STDLIB_H
| #  include <stdlib.h>
| # endif
| #endif
| #ifdef HAVE_STRING_H
| # if !defined STDC_HEADERS && defined HAVE_MEMORY_H
| #  include <memory.h>
| # endif
| # include <string.h>
| #endif
| #ifdef HAVE_STRINGS_H
| # include <strings.h>
| #endif
| #ifdef HAVE_INTTYPES_H
| # include <inttypes.h>
| #endif
| #ifdef HAVE_STDINT_H
| # include <stdint.h>
| #endif
| #ifdef HAVE_UNISTD_H
| # include <unistd.h>
| #endif
| #include <lua/5.3/lua.h>
configure:7078: result: no
configure:7078: checking lua/5.3/lua.h presence
configure:7078: gcc -E -I$(top_srcdir)/libdnet-stripped/include -I$(top_srcdir)/libssh2/include -I$(top_srcdir)/libpcre  conftest.c
conftest.c:39:10: fatal error: lua/5.3/lua.h: No such file or directory
   39 | #include <lua/5.3/lua.h>
      |          ^~~~~~~~~~~~~~~
compilation terminated.
configure:7078: $? = 1
configure: failed program was:
| /* confdefs.h */
| #define PACKAGE_NAME ""
| #define PACKAGE_TARNAME ""
| #define PACKAGE_VERSION ""
| #define PACKAGE_STRING ""
| #define PACKAGE_BUGREPORT ""
| #define PACKAGE_URL ""
| #define LINUX 1
| #define STDC_HEADERS 1
| #define HAVE_SYS_TYPES_H 1
| #define HAVE_SYS_STAT_H 1
| #define HAVE_STDLIB_H 1
| #define HAVE_STRING_H 1
| #define HAVE_MEMORY_H 1
| #define HAVE_STRINGS_H 1
| #define HAVE_INTTYPES_H 1
| #define HAVE_STDINT_H 1
| #define HAVE_UNISTD_H 1
| #define HAVE_PWD_H 1
| #define HAVE_TERMIOS_H 1
| #define HAVE_STDINT_H 1
| #define HAVE_SYS_STAT_H 1
| #define HAVE_FCNTL_H 1
| #define HAVE_LINUX_RTNETLINK_H 1
| #define HAVE_SYS_SOCKET_H 1
| #define HAVE_NET_IF_H 1
| #define HAVE_IPV6_IPPROTO_RAW 1
| #define HAVE_OPENSSL_EC 1
| #define HAVE_OPENSSL 1
| #define HAVE_SYS_TIME_H 1
| #define HAVE_PCAP_SET_IMMEDIATE_MODE 1
| #define HAVE_LIBPCAP 1
| #define PCRE_INCLUDED 1
| #define HAVE_LIBZ 1
| #define LIBSSH2_INCLUDED 1
| #define HAVE_LIBSSH2 1
| #define DNET_INCLUDED 1
| /* end confdefs.h.  */
| #include <lua/5.3/lua.h>
configure:7078: result: no
configure:7078: checking for lua/5.3/lua.h
configure:7078: result: no
configure:7078: checking lua.h usability
configure:7078: gcc -c -g -O2 -Wall -I$(top_srcdir)/libdnet-stripped/include -I$(top_srcdir)/libssh2/include -I$(top_srcdir)/libpcre  conftest.c >&5
conftest.c:72:10: fatal error: lua.h: No such file or directory
   72 | #include <lua.h>
      |          ^~~~~~~
compilation terminated.
configure:7078: $? = 1
configure: failed program was:
| /* confdefs.h */
| #define PACKAGE_NAME ""
| #define PACKAGE_TARNAME ""
| #define PACKAGE_VERSION ""
| #define PACKAGE_STRING ""
| #define PACKAGE_BUGREPORT ""
| #define PACKAGE_URL ""
| #define LINUX 1
| #define STDC_HEADERS 1
| #define HAVE_SYS_TYPES_H 1
| #define HAVE_SYS_STAT_H 1
| #define HAVE_STDLIB_H 1
| #define HAVE_STRING_H 1
| #define HAVE_MEMORY_H 1
| #define HAVE_STRINGS_H 1
| #define HAVE_INTTYPES_H 1
| #define HAVE_STDINT_H 1
| #define HAVE_UNISTD_H 1
| #define HAVE_PWD_H 1
| #define HAVE_TERMIOS_H 1
| #define HAVE_STDINT_H 1
| #define HAVE_SYS_STAT_H 1
| #define HAVE_FCNTL_H 1
| #define HAVE_LINUX_RTNETLINK_H 1
| #define HAVE_SYS_SOCKET_H 1
| #define HAVE_NET_IF_H 1
| #define HAVE_IPV6_IPPROTO_RAW 1
| #define HAVE_OPENSSL_EC 1
| #define HAVE_OPENSSL 1
| #define HAVE_SYS_TIME_H 1
| #define HAVE_PCAP_SET_IMMEDIATE_MODE 1
| #define HAVE_LIBPCAP 1
| #define PCRE_INCLUDED 1
| #define HAVE_LIBZ 1
| #define LIBSSH2_INCLUDED 1
| #define HAVE_LIBSSH2 1
| #define DNET_INCLUDED 1
| /* end confdefs.h.  */
| #include <stdio.h>
| #ifdef HAVE_SYS_TYPES_H
| # include <sys/types.h>
| #endif
| #ifdef HAVE_SYS_STAT_H
| # include <sys/stat.h>
| #endif
| #ifdef STDC_HEADERS
| # include <stdlib.h>
| # include <stddef.h>
| #else
| # ifdef HAVE_STDLIB_H
| #  include <stdlib.h>
| # endif
| #endif
| #ifdef HAVE_STRING_H
| # if !defined STDC_HEADERS && defined HAVE_MEMORY_H
| #  include <memory.h>
| # endif
| # include <string.h>
| #endif
| #ifdef HAVE_STRINGS_H
| # include <strings.h>
| #endif
| #ifdef HAVE_INTTYPES_H
| # include <inttypes.h>
| #endif
| #ifdef HAVE_STDINT_H
| # include <stdint.h>
| #endif
| #ifdef HAVE_UNISTD_H
| # include <unistd.h>
| #endif
| #include <lua.h>
configure:7078: result: no
configure:7078: checking lua.h presence
configure:7078: gcc -E -I$(top_srcdir)/libdnet-stripped/include -I$(top_srcdir)/libssh2/include -I$(top_srcdir)/libpcre  conftest.c
conftest.c:39:10: fatal error: lua.h: No such file or directory
   39 | #include <lua.h>
      |          ^~~~~~~
compilation terminated.
configure:7078: $? = 1
configure: failed program was:
| /* confdefs.h */
| #define PACKAGE_NAME ""
| #define PACKAGE_TARNAME ""
| #define PACKAGE_VERSION ""
| #define PACKAGE_STRING ""
| #define PACKAGE_BUGREPORT ""
| #define PACKAGE_URL ""
| #define LINUX 1
| #define STDC_HEADERS 1
| #define HAVE_SYS_TYPES_H 1
| #define HAVE_SYS_STAT_H 1
| #define HAVE_STDLIB_H 1
| #define HAVE_STRING_H 1
| #define HAVE_MEMORY_H 1
| #define HAVE_STRINGS_H 1
| #define HAVE_INTTYPES_H 1
| #define HAVE_STDINT_H 1
| #define HAVE_UNISTD_H 1
| #define HAVE_PWD_H 1
| #define HAVE_TERMIOS_H 1
| #define HAVE_STDINT_H 1
| #define HAVE_SYS_STAT_H 1
| #define HAVE_FCNTL_H 1
| #define HAVE_LINUX_RTNETLINK_H 1
| #define HAVE_SYS_SOCKET_H 1
| #define HAVE_NET_IF_H 1
| #define HAVE_IPV6_IPPROTO_RAW 1
| #define HAVE_OPENSSL_EC 1
| #define HAVE_OPENSSL 1
| #define HAVE_SYS_TIME_H 1
| #define HAVE_PCAP_SET_IMMEDIATE_MODE 1
| #define HAVE_LIBPCAP 1
| #define PCRE_INCLUDED 1
| #define HAVE_LIBZ 1
| #define LIBSSH2_INCLUDED 1
| #define HAVE_LIBSSH2 1
| #define DNET_INCLUDED 1
| /* end confdefs.h.  */
| #include <lua.h>
configure:7078: result: no
configure:7078: checking for lua.h
configure:7078: result: no
configure:7078: checking lua/lua.h usability
configure:7078: gcc -c -g -O2 -Wall -I$(top_srcdir)/libdnet-stripped/include -I$(top_srcdir)/libssh2/include -I$(top_srcdir)/libpcre  conftest.c >&5
conftest.c:72:10: fatal error: lua/lua.h: No such file or directory
   72 | #include <lua/lua.h>
      |          ^~~~~~~~~~~
compilation terminated.
configure:7078: $? = 1
configure: failed program was:
| /* confdefs.h */
| #define PACKAGE_NAME ""
| #define PACKAGE_TARNAME ""
| #define PACKAGE_VERSION ""
| #define PACKAGE_STRING ""
| #define PACKAGE_BUGREPORT ""
| #define PACKAGE_URL ""
| #define LINUX 1
| #define STDC_HEADERS 1
| #define HAVE_SYS_TYPES_H 1
| #define HAVE_SYS_STAT_H 1
| #define HAVE_STDLIB_H 1
| #define HAVE_STRING_H 1
| #define HAVE_MEMORY_H 1
| #define HAVE_STRINGS_H 1
| #define HAVE_INTTYPES_H 1
| #define HAVE_STDINT_H 1
| #define HAVE_UNISTD_H 1
| #define HAVE_PWD_H 1
| #define HAVE_TERMIOS_H 1
| #define HAVE_STDINT_H 1
| #define HAVE_SYS_STAT_H 1
| #define HAVE_FCNTL_H 1
| #define HAVE_LINUX_RTNETLINK_H 1
| #define HAVE_SYS_SOCKET_H 1
| #define HAVE_NET_IF_H 1
| #define HAVE_IPV6_IPPROTO_RAW 1
| #define HAVE_OPENSSL_EC 1
| #define HAVE_OPENSSL 1
| #define HAVE_SYS_TIME_H 1
| #define HAVE_PCAP_SET_IMMEDIATE_MODE 1
| #define HAVE_LIBPCAP 1
| #define PCRE_INCLUDED 1
| #define HAVE_LIBZ 1
| #define LIBSSH2_INCLUDED 1
| #define HAVE_LIBSSH2 1
| #define DNET_INCLUDED 1
| /* end confdefs.h.  */
| #include <stdio.h>
| #ifdef HAVE_SYS_TYPES_H
| # include <sys/types.h>
| #endif
| #ifdef HAVE_SYS_STAT_H
| # include <sys/stat.h>
| #endif
| #ifdef STDC_HEADERS
| # include <stdlib.h>
| # include <stddef.h>
| #else
| # ifdef HAVE_STDLIB_H
| #  include <stdlib.h>
| # endif
| #endif
| #ifdef HAVE_STRING_H
| # if !defined STDC_HEADERS && defined HAVE_MEMORY_H
| #  include <memory.h>
| # endif
| # include <string.h>
| #endif
| #ifdef HAVE_STRINGS_H
| # include <strings.h>
| #endif
| #ifdef HAVE_INTTYPES_H
| # include <inttypes.h>
| #endif
| #ifdef HAVE_STDINT_H
| # include <stdint.h>
| #endif
| #ifdef HAVE_UNISTD_H
| # include <unistd.h>
| #endif
| #include <lua/lua.h>
configure:7078: result: no
configure:7078: checking lua/lua.h presence
configure:7078: gcc -E -I$(top_srcdir)/libdnet-stripped/include -I$(top_srcdir)/libssh2/include -I$(top_srcdir)/libpcre  conftest.c
conftest.c:39:10: fatal error: lua/lua.h: No such file or directory
   39 | #include <lua/lua.h>
      |          ^~~~~~~~~~~
compilation terminated.
configure:7078: $? = 1
configure: failed program was:
| /* confdefs.h */
| #define PACKAGE_NAME ""
| #define PACKAGE_TARNAME ""
| #define PACKAGE_VERSION ""
| #define PACKAGE_STRING ""
| #define PACKAGE_BUGREPORT ""
| #define PACKAGE_URL ""
| #define LINUX 1
| #define STDC_HEADERS 1
| #define HAVE_SYS_TYPES_H 1
| #define HAVE_SYS_STAT_H 1
| #define HAVE_STDLIB_H 1
| #define HAVE_STRING_H 1
| #define HAVE_MEMORY_H 1
| #define HAVE_STRINGS_H 1
| #define HAVE_INTTYPES_H 1
| #define HAVE_STDINT_H 1
| #define HAVE_UNISTD_H 1
| #define HAVE_PWD_H 1
| #define HAVE_TERMIOS_H 1
| #define HAVE_STDINT_H 1
| #define HAVE_SYS_STAT_H 1
| #define HAVE_FCNTL_H 1
| #define HAVE_LINUX_RTNETLINK_H 1
| #define HAVE_SYS_SOCKET_H 1
| #define HAVE_NET_IF_H 1
| #define HAVE_IPV6_IPPROTO_RAW 1
| #define HAVE_OPENSSL_EC 1
| #define HAVE_OPENSSL 1
| #define HAVE_SYS_TIME_H 1
| #define HAVE_PCAP_SET_IMMEDIATE_MODE 1
| #define HAVE_LIBPCAP 1
| #define PCRE_INCLUDED 1
| #define HAVE_LIBZ 1
| #define LIBSSH2_INCLUDED 1
| #define HAVE_LIBSSH2 1
| #define DNET_INCLUDED 1
| /* end confdefs.h.  */
| #include <lua/lua.h>
configure:7078: result: no
configure:7078: checking for lua/lua.h
configure:7078: result: no
configure:7088: checking for library containing lua_isyieldable
configure:7119: gcc -o conftest -g -O2 -Wall -I$(top_srcdir)/libdnet-stripped/include -I$(top_srcdir)/libssh2/include -I$(top_srcdir)/libpcre  -Wl,-E  conftest.c -ldl  >&5
/usr/bin/ld: /tmp/ccljKgiO.o: in function `main':
/home/hello/toolkit/nmap/conftest.c:50: undefined reference to `lua_isyieldable'
collect2: error: ld returned 1 exit status
configure:7119: $? = 1
configure: failed program was:
| /* confdefs.h */
| #define PACKAGE_NAME ""
| #define PACKAGE_TARNAME ""
| #define PACKAGE_VERSION ""
| #define PACKAGE_STRING ""
| #define PACKAGE_BUGREPORT ""
| #define PACKAGE_URL ""
| #define LINUX 1
| #define STDC_HEADERS 1
| #define HAVE_SYS_TYPES_H 1
| #define HAVE_SYS_STAT_H 1
| #define HAVE_STDLIB_H 1
| #define HAVE_STRING_H 1
| #define HAVE_MEMORY_H 1
| #define HAVE_STRINGS_H 1
| #define HAVE_INTTYPES_H 1
| #define HAVE_STDINT_H 1
| #define HAVE_UNISTD_H 1
| #define HAVE_PWD_H 1
| #define HAVE_TERMIOS_H 1
| #define HAVE_STDINT_H 1
| #define HAVE_SYS_STAT_H 1
| #define HAVE_FCNTL_H 1
| #define HAVE_LINUX_RTNETLINK_H 1
| #define HAVE_SYS_SOCKET_H 1
| #define HAVE_NET_IF_H 1
| #define HAVE_IPV6_IPPROTO_RAW 1
| #define HAVE_OPENSSL_EC 1
| #define HAVE_OPENSSL 1
| #define HAVE_SYS_TIME_H 1
| #define HAVE_PCAP_SET_IMMEDIATE_MODE 1
| #define HAVE_LIBPCAP 1
| #define PCRE_INCLUDED 1
| #define HAVE_LIBZ 1
| #define LIBSSH2_INCLUDED 1
| #define HAVE_LIBSSH2 1
| #define DNET_INCLUDED 1
| /* end confdefs.h.  */
| 
| /* Override any GCC internal prototype to avoid an error.
|    Use char because int might match the return type of a GCC
|    builtin and then its argument prototype would still apply.  */
| #ifdef __cplusplus
| extern "C"
| #endif
| char lua_isyieldable ();
| int
| main ()
| {
| return lua_isyieldable ();
|   ;
|   return 0;
| }
configure:7119: gcc -o conftest -g -O2 -Wall -I$(top_srcdir)/libdnet-stripped/include -I$(top_srcdir)/libssh2/include -I$(top_srcdir)/libpcre  -Wl,-E  conftest.c -llua5.3 -lm -ldl  >&5
/usr/bin/ld: cannot find -llua5.3
collect2: error: ld returned 1 exit status
configure:7119: $? = 1
configure: failed program was:
| /* confdefs.h */
| #define PACKAGE_NAME ""
| #define PACKAGE_TARNAME ""
| #define PACKAGE_VERSION ""
| #define PACKAGE_STRING ""
| #define PACKAGE_BUGREPORT ""
| #define PACKAGE_URL ""
| #define LINUX 1
| #define STDC_HEADERS 1
| #define HAVE_SYS_TYPES_H 1
| #define HAVE_SYS_STAT_H 1
| #define HAVE_STDLIB_H 1
| #define HAVE_STRING_H 1
| #define HAVE_MEMORY_H 1
| #define HAVE_STRINGS_H 1
| #define HAVE_INTTYPES_H 1
| #define HAVE_STDINT_H 1
| #define HAVE_UNISTD_H 1
| #define HAVE_PWD_H 1
| #define HAVE_TERMIOS_H 1
| #define HAVE_STDINT_H 1
| #define HAVE_SYS_STAT_H 1
| #define HAVE_FCNTL_H 1
| #define HAVE_LINUX_RTNETLINK_H 1
| #define HAVE_SYS_SOCKET_H 1
| #define HAVE_NET_IF_H 1
| #define HAVE_IPV6_IPPROTO_RAW 1
| #define HAVE_OPENSSL_EC 1
| #define HAVE_OPENSSL 1
| #define HAVE_SYS_TIME_H 1
| #define HAVE_PCAP_SET_IMMEDIATE_MODE 1
| #define HAVE_LIBPCAP 1
| #define PCRE_INCLUDED 1
| #define HAVE_LIBZ 1
| #define LIBSSH2_INCLUDED 1
| #define HAVE_LIBSSH2 1
| #define DNET_INCLUDED 1
| /* end confdefs.h.  */
| 
| /* Override any GCC internal prototype to avoid an error.
|    Use char because int might match the return type of a GCC
|    builtin and then its argument prototype would still apply.  */
| #ifdef __cplusplus
| extern "C"
| #endif
| char lua_isyieldable ();
| int
| main ()
| {
| return lua_isyieldable ();
|   ;
|   return 0;
| }
configure:7119: gcc -o conftest -g -O2 -Wall -I$(top_srcdir)/libdnet-stripped/include -I$(top_srcdir)/libssh2/include -I$(top_srcdir)/libpcre  -Wl,-E  conftest.c -llua53 -lm -ldl  >&5
/usr/bin/ld: cannot find -llua53
collect2: error: ld returned 1 exit status
configure:7119: $? = 1
configure: failed program was:
| /* confdefs.h */
| #define PACKAGE_NAME ""
| #define PACKAGE_TARNAME ""
| #define PACKAGE_VERSION ""
| #define PACKAGE_STRING ""
| #define PACKAGE_BUGREPORT ""
| #define PACKAGE_URL ""
| #define LINUX 1
| #define STDC_HEADERS 1
| #define HAVE_SYS_TYPES_H 1
| #define HAVE_SYS_STAT_H 1
| #define HAVE_STDLIB_H 1
| #define HAVE_STRING_H 1
| #define HAVE_MEMORY_H 1
| #define HAVE_STRINGS_H 1
| #define HAVE_INTTYPES_H 1
| #define HAVE_STDINT_H 1
| #define HAVE_UNISTD_H 1
| #define HAVE_PWD_H 1
| #define HAVE_TERMIOS_H 1
| #define HAVE_STDINT_H 1
| #define HAVE_SYS_STAT_H 1
| #define HAVE_FCNTL_H 1
| #define HAVE_LINUX_RTNETLINK_H 1
| #define HAVE_SYS_SOCKET_H 1
| #define HAVE_NET_IF_H 1
| #define HAVE_IPV6_IPPROTO_RAW 1
| #define HAVE_OPENSSL_EC 1
| #define HAVE_OPENSSL 1
| #define HAVE_SYS_TIME_H 1
| #define HAVE_PCAP_SET_IMMEDIATE_MODE 1
| #define HAVE_LIBPCAP 1
| #define PCRE_INCLUDED 1
| #define HAVE_LIBZ 1
| #define LIBSSH2_INCLUDED 1
| #define HAVE_LIBSSH2 1
| #define DNET_INCLUDED 1
| /* end confdefs.h.  */
| 
| /* Override any GCC internal prototype to avoid an error.
|    Use char because int might match the return type of a GCC
|    builtin and then its argument prototype would still apply.  */
| #ifdef __cplusplus
| extern "C"
| #endif
| char lua_isyieldable ();
| int
| main ()
| {
| return lua_isyieldable ();
|   ;
|   return 0;
| }
configure:7119: gcc -o conftest -g -O2 -Wall -I$(top_srcdir)/libdnet-stripped/include -I$(top_srcdir)/libssh2/include -I$(top_srcdir)/libpcre  -Wl,-E  conftest.c -llua -lm -ldl  >&5
/usr/bin/ld: cannot find -llua
collect2: error: ld returned 1 exit status
configure:7119: $? = 1
configure: failed program was:
| /* confdefs.h */
| #define PACKAGE_NAME ""
| #define PACKAGE_TARNAME ""
| #define PACKAGE_VERSION ""
| #define PACKAGE_STRING ""
| #define PACKAGE_BUGREPORT ""
| #define PACKAGE_URL ""
| #define LINUX 1
| #define STDC_HEADERS 1
| #define HAVE_SYS_TYPES_H 1
| #define HAVE_SYS_STAT_H 1
| #define HAVE_STDLIB_H 1
| #define HAVE_STRING_H 1
| #define HAVE_MEMORY_H 1
| #define HAVE_STRINGS_H 1
| #define HAVE_INTTYPES_H 1
| #define HAVE_STDINT_H 1
| #define HAVE_UNISTD_H 1
| #define HAVE_PWD_H 1
| #define HAVE_TERMIOS_H 1
| #define HAVE_STDINT_H 1
| #define HAVE_SYS_STAT_H 1
| #define HAVE_FCNTL_H 1
| #define HAVE_LINUX_RTNETLINK_H 1
| #define HAVE_SYS_SOCKET_H 1
| #define HAVE_NET_IF_H 1
| #define HAVE_IPV6_IPPROTO_RAW 1
| #define HAVE_OPENSSL_EC 1
| #define HAVE_OPENSSL 1
| #define HAVE_SYS_TIME_H 1
| #define HAVE_PCAP_SET_IMMEDIATE_MODE 1
| #define HAVE_LIBPCAP 1
| #define PCRE_INCLUDED 1
| #define HAVE_LIBZ 1
| #define LIBSSH2_INCLUDED 1
| #define HAVE_LIBSSH2 1
| #define DNET_INCLUDED 1
| /* end confdefs.h.  */
| 
| /* Override any GCC internal prototype to avoid an error.
|    Use char because int might match the return type of a GCC
|    builtin and then its argument prototype would still apply.  */
| #ifdef __cplusplus
| extern "C"
| #endif
| char lua_isyieldable ();
| int
| main ()
| {
| return lua_isyieldable ();
|   ;
|   return 0;
| }
configure:7136: result: no
configure:7151: checking for lua version == 503
configure:7179: gcc -E -I$(top_srcdir)/libdnet-stripped/include -I$(top_srcdir)/libssh2/include -I$(top_srcdir)/libpcre  conftest.c
conftest.c:51:12: error: #error Incorrect Lua version
   51 |           #error Incorrect Lua version
      |            ^~~~~
configure:7179: $? = 1
configure: failed program was:
| /* confdefs.h */
| #define PACKAGE_NAME ""
| #define PACKAGE_TARNAME ""
| #define PACKAGE_VERSION ""
| #define PACKAGE_STRING ""
| #define PACKAGE_BUGREPORT ""
| #define PACKAGE_URL ""
| #define LINUX 1
| #define STDC_HEADERS 1
| #define HAVE_SYS_TYPES_H 1
| #define HAVE_SYS_STAT_H 1
| #define HAVE_STDLIB_H 1
| #define HAVE_STRING_H 1
| #define HAVE_MEMORY_H 1
| #define HAVE_STRINGS_H 1
| #define HAVE_INTTYPES_H 1
| #define HAVE_STDINT_H 1
| #define HAVE_UNISTD_H 1
| #define HAVE_PWD_H 1
| #define HAVE_TERMIOS_H 1
| #define HAVE_STDINT_H 1
| #define HAVE_SYS_STAT_H 1
| #define HAVE_FCNTL_H 1
| #define HAVE_LINUX_RTNETLINK_H 1
| #define HAVE_SYS_SOCKET_H 1
| #define HAVE_NET_IF_H 1
| #define HAVE_IPV6_IPPROTO_RAW 1
| #define HAVE_OPENSSL_EC 1
| #define HAVE_OPENSSL 1
| #define HAVE_SYS_TIME_H 1
| #define HAVE_PCAP_SET_IMMEDIATE_MODE 1
| #define HAVE_LIBPCAP 1
| #define PCRE_INCLUDED 1
| #define HAVE_LIBZ 1
| #define LIBSSH2_INCLUDED 1
| #define HAVE_LIBSSH2 1
| #define DNET_INCLUDED 1
| /* end confdefs.h.  */
| 
|       #ifdef HAVE_LUA5_3_LUA_H
|           #include <lua5.3/lua.h>
|       #elif defined HAVE_LUA_5_3_LUA_H
|           #include <lua/5.3/lua.h>
|       #elif defined HAVE_LUA_H || defined LUA_INCLUDED
|           #include <lua.h>
|       #elif defined HAVE_LUA_LUA_H
|           #include <lua/lua.h>
|       #endif
| 
|       #if (LUA_VERSION_NUM != 503)
|           #error Incorrect Lua version
|       #endif
| 
| int
| main ()
| {
| if(LUA_VERSION_NUM != 503) return 1;
|   ;
|   return 0;
| }
| 
configure:7199: result: no
configure:7262: checking linear.h usability
configure:7262: gcc -c -g -O2 -Wall -I$(top_srcdir)/liblua -I$(top_srcdir)/libdnet-stripped/include -I$(top_srcdir)/libssh2/include -I$(top_srcdir)/libpcre  conftest.c >&5
conftest.c:73:10: fatal error: linear.h: No such file or directory
   73 | #include <linear.h>
      |          ^~~~~~~~~~
compilation terminated.
configure:7262: $? = 1
configure: failed program was:
| /* confdefs.h */
| #define PACKAGE_NAME ""
| #define PACKAGE_TARNAME ""
| #define PACKAGE_VERSION ""
| #define PACKAGE_STRING ""
| #define PACKAGE_BUGREPORT ""
| #define PACKAGE_URL ""
| #define LINUX 1
| #define STDC_HEADERS 1
| #define HAVE_SYS_TYPES_H 1
| #define HAVE_SYS_STAT_H 1
| #define HAVE_STDLIB_H 1
| #define HAVE_STRING_H 1
| #define HAVE_MEMORY_H 1
| #define HAVE_STRINGS_H 1
| #define HAVE_INTTYPES_H 1
| #define HAVE_STDINT_H 1
| #define HAVE_UNISTD_H 1
| #define HAVE_PWD_H 1
| #define HAVE_TERMIOS_H 1
| #define HAVE_STDINT_H 1
| #define HAVE_SYS_STAT_H 1
| #define HAVE_FCNTL_H 1
| #define HAVE_LINUX_RTNETLINK_H 1
| #define HAVE_SYS_SOCKET_H 1
| #define HAVE_NET_IF_H 1
| #define HAVE_IPV6_IPPROTO_RAW 1
| #define HAVE_OPENSSL_EC 1
| #define HAVE_OPENSSL 1
| #define HAVE_SYS_TIME_H 1
| #define HAVE_PCAP_SET_IMMEDIATE_MODE 1
| #define HAVE_LIBPCAP 1
| #define PCRE_INCLUDED 1
| #define HAVE_LIBZ 1
| #define LIBSSH2_INCLUDED 1
| #define HAVE_LIBSSH2 1
| #define DNET_INCLUDED 1
| #define LUA_INCLUDED 1
| /* end confdefs.h.  */
| #include <stdio.h>
| #ifdef HAVE_SYS_TYPES_H
| # include <sys/types.h>
| #endif
| #ifdef HAVE_SYS_STAT_H
| # include <sys/stat.h>
| #endif
| #ifdef STDC_HEADERS
| # include <stdlib.h>
| # include <stddef.h>
| #else
| # ifdef HAVE_STDLIB_H
| #  include <stdlib.h>
| # endif
| #endif
| #ifdef HAVE_STRING_H
| # if !defined STDC_HEADERS && defined HAVE_MEMORY_H
| #  include <memory.h>
| # endif
| # include <string.h>
| #endif
| #ifdef HAVE_STRINGS_H
| # include <strings.h>
| #endif
| #ifdef HAVE_INTTYPES_H
| # include <inttypes.h>
| #endif
| #ifdef HAVE_STDINT_H
| # include <stdint.h>
| #endif
| #ifdef HAVE_UNISTD_H
| # include <unistd.h>
| #endif
| #include <linear.h>
configure:7262: result: no
configure:7262: checking linear.h presence
configure:7262: gcc -E -I$(top_srcdir)/liblua -I$(top_srcdir)/libdnet-stripped/include -I$(top_srcdir)/libssh2/include -I$(top_srcdir)/libpcre  conftest.c
conftest.c:40:10: fatal error: linear.h: No such file or directory
   40 | #include <linear.h>
      |          ^~~~~~~~~~
compilation terminated.
configure:7262: $? = 1
configure: failed program was:
| /* confdefs.h */
| #define PACKAGE_NAME ""
| #define PACKAGE_TARNAME ""
| #define PACKAGE_VERSION ""
| #define PACKAGE_STRING ""
| #define PACKAGE_BUGREPORT ""
| #define PACKAGE_URL ""
| #define LINUX 1
| #define STDC_HEADERS 1
| #define HAVE_SYS_TYPES_H 1
| #define HAVE_SYS_STAT_H 1
| #define HAVE_STDLIB_H 1
| #define HAVE_STRING_H 1
| #define HAVE_MEMORY_H 1
| #define HAVE_STRINGS_H 1
| #define HAVE_INTTYPES_H 1
| #define HAVE_STDINT_H 1
| #define HAVE_UNISTD_H 1
| #define HAVE_PWD_H 1
| #define HAVE_TERMIOS_H 1
| #define HAVE_STDINT_H 1
| #define HAVE_SYS_STAT_H 1
| #define HAVE_FCNTL_H 1
| #define HAVE_LINUX_RTNETLINK_H 1
| #define HAVE_SYS_SOCKET_H 1
| #define HAVE_NET_IF_H 1
| #define HAVE_IPV6_IPPROTO_RAW 1
| #define HAVE_OPENSSL_EC 1
| #define HAVE_OPENSSL 1
| #define HAVE_SYS_TIME_H 1
| #define HAVE_PCAP_SET_IMMEDIATE_MODE 1
| #define HAVE_LIBPCAP 1
| #define PCRE_INCLUDED 1
| #define HAVE_LIBZ 1
| #define LIBSSH2_INCLUDED 1
| #define HAVE_LIBSSH2 1
| #define DNET_INCLUDED 1
| #define LUA_INCLUDED 1
| /* end confdefs.h.  */
| #include <linear.h>
configure:7262: result: no
configure:7262: checking for linear.h
configure:7262: result: no
configure:7320: result: no
configure:7343: checking whether byte ordering is bigendian
configure:7358: gcc -c -g -O2 -Wall -I$(top_srcdir)/liblinear -I$(top_srcdir)/liblua -I$(top_srcdir)/libdnet-stripped/include -I$(top_srcdir)/libssh2/include -I$(top_srcdir)/libpcre  conftest.c >&5
conftest.c:42:16: error: unknown type name 'not'
   42 |                not a universal capable compiler
      |                ^~~
conftest.c:42:22: error: expected '=', ',', ';', 'asm' or '__attribute__' before 'universal'
   42 |                not a universal capable compiler
      |                      ^~~~~~~~~
conftest.c:42:22: error: unknown type name 'universal'
configure:7358: $? = 1
configure: failed program was:
| /* confdefs.h */
| #define PACKAGE_NAME ""
| #define PACKAGE_TARNAME ""
| #define PACKAGE_VERSION ""
| #define PACKAGE_STRING ""
| #define PACKAGE_BUGREPORT ""
| #define PACKAGE_URL ""
| #define LINUX 1
| #define STDC_HEADERS 1
| #define HAVE_SYS_TYPES_H 1
| #define HAVE_SYS_STAT_H 1
| #define HAVE_STDLIB_H 1
| #define HAVE_STRING_H 1
| #define HAVE_MEMORY_H 1
| #define HAVE_STRINGS_H 1
| #define HAVE_INTTYPES_H 1
| #define HAVE_STDINT_H 1
| #define HAVE_UNISTD_H 1
| #define HAVE_PWD_H 1
| #define HAVE_TERMIOS_H 1
| #define HAVE_STDINT_H 1
| #define HAVE_SYS_STAT_H 1
| #define HAVE_FCNTL_H 1
| #define HAVE_LINUX_RTNETLINK_H 1
| #define HAVE_SYS_SOCKET_H 1
| #define HAVE_NET_IF_H 1
| #define HAVE_IPV6_IPPROTO_RAW 1
| #define HAVE_OPENSSL_EC 1
| #define HAVE_OPENSSL 1
| #define HAVE_SYS_TIME_H 1
| #define HAVE_PCAP_SET_IMMEDIATE_MODE 1
| #define HAVE_LIBPCAP 1
| #define PCRE_INCLUDED 1
| #define HAVE_LIBZ 1
| #define LIBSSH2_INCLUDED 1
| #define HAVE_LIBSSH2 1
| #define DNET_INCLUDED 1
| #define LUA_INCLUDED 1
| #define LIBLINEAR_INCLUDED 1
| /* end confdefs.h.  */
| #ifndef __APPLE_CC__
| 	       not a universal capable compiler
| 	     #endif
| 	     typedef int dummy;
| 
configure:7403: gcc -c -g -O2 -Wall -I$(top_srcdir)/liblinear -I$(top_srcdir)/liblua -I$(top_srcdir)/libdnet-stripped/include -I$(top_srcdir)/libssh2/include -I$(top_srcdir)/libpcre  conftest.c >&5
configure:7403: $? = 0
configure:7421: gcc -c -g -O2 -Wall -I$(top_srcdir)/liblinear -I$(top_srcdir)/liblua -I$(top_srcdir)/libdnet-stripped/include -I$(top_srcdir)/libssh2/include -I$(top_srcdir)/libpcre  conftest.c >&5
conftest.c: In function 'main':
conftest.c:48:18: error: unknown type name 'not'; did you mean 'ino_t'?
   48 |                  not big endian
      |                  ^~~
      |                  ino_t
conftest.c:48:26: error: expected '=', ',', ';', 'asm' or '__attribute__' before 'endian'
   48 |                  not big endian
      |                          ^~~~~~
configure:7421: $? = 1
configure: failed program was:
| /* confdefs.h */
| #define PACKAGE_NAME ""
| #define PACKAGE_TARNAME ""
| #define PACKAGE_VERSION ""
| #define PACKAGE_STRING ""
| #define PACKAGE_BUGREPORT ""
| #define PACKAGE_URL ""
| #define LINUX 1
| #define STDC_HEADERS 1
| #define HAVE_SYS_TYPES_H 1
| #define HAVE_SYS_STAT_H 1
| #define HAVE_STDLIB_H 1
| #define HAVE_STRING_H 1
| #define HAVE_MEMORY_H 1
| #define HAVE_STRINGS_H 1
| #define HAVE_INTTYPES_H 1
| #define HAVE_STDINT_H 1
| #define HAVE_UNISTD_H 1
| #define HAVE_PWD_H 1
| #define HAVE_TERMIOS_H 1
| #define HAVE_STDINT_H 1
| #define HAVE_SYS_STAT_H 1
| #define HAVE_FCNTL_H 1
| #define HAVE_LINUX_RTNETLINK_H 1
| #define HAVE_SYS_SOCKET_H 1
| #define HAVE_NET_IF_H 1
| #define HAVE_IPV6_IPPROTO_RAW 1
| #define HAVE_OPENSSL_EC 1
| #define HAVE_OPENSSL 1
| #define HAVE_SYS_TIME_H 1
| #define HAVE_PCAP_SET_IMMEDIATE_MODE 1
| #define HAVE_LIBPCAP 1
| #define PCRE_INCLUDED 1
| #define HAVE_LIBZ 1
| #define LIBSSH2_INCLUDED 1
| #define HAVE_LIBSSH2 1
| #define DNET_INCLUDED 1
| #define LUA_INCLUDED 1
| #define LIBLINEAR_INCLUDED 1
| /* end confdefs.h.  */
| #include <sys/types.h>
| 		#include <sys/param.h>
| 
| int
| main ()
| {
| #if BYTE_ORDER != BIG_ENDIAN
| 		 not big endian
| 		#endif
| 
|   ;
|   return 0;
| }
configure:7549: result: no
configure:7568: checking if struct in_addr is a wacky huge structure (some Sun boxes)
configure:7583: gcc -c -g -O2 -Wall -I$(top_srcdir)/liblinear -I$(top_srcdir)/liblua -I$(top_srcdir)/libdnet-stripped/include -I$(top_srcdir)/libssh2/include -I$(top_srcdir)/libpcre  conftest.c >&5
conftest.c: In function 'main':
conftest.c:45:20: error: 'struct in_addr' has no member named '_S_un'
   45 | struct in_addr i; i._S_un._S_addr;
      |                    ^
conftest.c:45:16: warning: variable 'i' set but not used [-Wunused-but-set-variable]
   45 | struct in_addr i; i._S_un._S_addr;
      |                ^
configure:7583: $? = 1
configure: failed program was:
| /* confdefs.h */
| #define PACKAGE_NAME ""
| #define PACKAGE_TARNAME ""
| #define PACKAGE_VERSION ""
| #define PACKAGE_STRING ""
| #define PACKAGE_BUGREPORT ""
| #define PACKAGE_URL ""
| #define LINUX 1
| #define STDC_HEADERS 1
| #define HAVE_SYS_TYPES_H 1
| #define HAVE_SYS_STAT_H 1
| #define HAVE_STDLIB_H 1
| #define HAVE_STRING_H 1
| #define HAVE_MEMORY_H 1
| #define HAVE_STRINGS_H 1
| #define HAVE_INTTYPES_H 1
| #define HAVE_STDINT_H 1
| #define HAVE_UNISTD_H 1
| #define HAVE_PWD_H 1
| #define HAVE_TERMIOS_H 1
| #define HAVE_STDINT_H 1
| #define HAVE_SYS_STAT_H 1
| #define HAVE_FCNTL_H 1
| #define HAVE_LINUX_RTNETLINK_H 1
| #define HAVE_SYS_SOCKET_H 1
| #define HAVE_NET_IF_H 1
| #define HAVE_IPV6_IPPROTO_RAW 1
| #define HAVE_OPENSSL_EC 1
| #define HAVE_OPENSSL 1
| #define HAVE_SYS_TIME_H 1
| #define HAVE_PCAP_SET_IMMEDIATE_MODE 1
| #define HAVE_LIBPCAP 1
| #define PCRE_INCLUDED 1
| #define HAVE_LIBZ 1
| #define LIBSSH2_INCLUDED 1
| #define HAVE_LIBSSH2 1
| #define DNET_INCLUDED 1
| #define LUA_INCLUDED 1
| #define LIBLINEAR_INCLUDED 1
| /* end confdefs.h.  */
| #include <netinet/in.h>
| int
| main ()
| {
| struct in_addr i; i._S_un._S_addr;
|   ;
|   return 0;
| }
configure:7603: gcc -c -g -O2 -Wall -I$(top_srcdir)/liblinear -I$(top_srcdir)/liblua -I$(top_srcdir)/libdnet-stripped/include -I$(top_srcdir)/libssh2/include -I$(top_srcdir)/libpcre  conftest.c >&5
conftest.c: In function 'main':
conftest.c:46:20: error: 'struct in_addr' has no member named 'S_un'
   46 | struct in_addr i; i.S_un.S_addr;
      |                    ^
conftest.c:46:16: warning: variable 'i' set but not used [-Wunused-but-set-variable]
   46 | struct in_addr i; i.S_un.S_addr;
      |                ^
configure:7603: $? = 1
configure: failed program was:
| /* confdefs.h */
| #define PACKAGE_NAME ""
| #define PACKAGE_TARNAME ""
| #define PACKAGE_VERSION ""
| #define PACKAGE_STRING ""
| #define PACKAGE_BUGREPORT ""
| #define PACKAGE_URL ""
| #define LINUX 1
| #define STDC_HEADERS 1
| #define HAVE_SYS_TYPES_H 1
| #define HAVE_SYS_STAT_H 1
| #define HAVE_STDLIB_H 1
| #define HAVE_STRING_H 1
| #define HAVE_MEMORY_H 1
| #define HAVE_STRINGS_H 1
| #define HAVE_INTTYPES_H 1
| #define HAVE_STDINT_H 1
| #define HAVE_UNISTD_H 1
| #define HAVE_PWD_H 1
| #define HAVE_TERMIOS_H 1
| #define HAVE_STDINT_H 1
| #define HAVE_SYS_STAT_H 1
| #define HAVE_FCNTL_H 1
| #define HAVE_LINUX_RTNETLINK_H 1
| #define HAVE_SYS_SOCKET_H 1
| #define HAVE_NET_IF_H 1
| #define HAVE_IPV6_IPPROTO_RAW 1
| #define HAVE_OPENSSL_EC 1
| #define HAVE_OPENSSL 1
| #define HAVE_SYS_TIME_H 1
| #define HAVE_PCAP_SET_IMMEDIATE_MODE 1
| #define HAVE_LIBPCAP 1
| #define PCRE_INCLUDED 1
| #define HAVE_LIBZ 1
| #define LIBSSH2_INCLUDED 1
| #define HAVE_LIBSSH2 1
| #define DNET_INCLUDED 1
| #define LUA_INCLUDED 1
| #define LIBLINEAR_INCLUDED 1
| /* end confdefs.h.  */
| #include <sys/types.h>
| #include <netinet/in.h>
| int
| main ()
| {
| struct in_addr i; i.S_un.S_addr;
|   ;
|   return 0;
| }
configure:7611: result: no
configure:7618: checking if struct icmp exists
configure:7643: gcc -c -g -O2 -Wall -I$(top_srcdir)/liblinear -I$(top_srcdir)/liblua -I$(top_srcdir)/libdnet-stripped/include -I$(top_srcdir)/libssh2/include -I$(top_srcdir)/libpcre  conftest.c >&5
conftest.c: In function 'main':
conftest.c:54:14: warning: unused variable 'i' [-Wunused-variable]
   54 | unsigned int i = sizeof(struct icmp)
      |              ^
configure:7643: $? = 0
configure:7650: result: yes
configure:7658: checking if struct ip exists
configure:7682: gcc -c -g -O2 -Wall -I$(top_srcdir)/liblinear -I$(top_srcdir)/liblua -I$(top_srcdir)/libdnet-stripped/include -I$(top_srcdir)/libssh2/include -I$(top_srcdir)/libpcre  conftest.c >&5
conftest.c: In function 'main':
conftest.c:54:14: warning: unused variable 'i' [-Wunused-variable]
   54 | unsigned int i = sizeof(struct ip)
      |              ^
configure:7682: $? = 0
configure:7689: result: yes
configure:7697: checking if struct ip has ip_sum member
configure:7722: gcc -c -g -O2 -Wall -I$(top_srcdir)/liblinear -I$(top_srcdir)/liblua -I$(top_srcdir)/libdnet-stripped/include -I$(top_srcdir)/libssh2/include -I$(top_srcdir)/libpcre  conftest.c >&5
conftest.c: In function 'main':
conftest.c:56:14: warning: unused variable 'i' [-Wunused-variable]
   56 | unsigned int i = sizeof(((struct ip *)0)->ip_sum)
      |              ^
configure:7722: $? = 0
configure:7729: result: yes
configure:7739: checking for strerror
configure:7739: gcc -o conftest -g -O2 -Wall -I$(top_srcdir)/liblinear -I$(top_srcdir)/liblua -I$(top_srcdir)/libdnet-stripped/include -I$(top_srcdir)/libssh2/include -I$(top_srcdir)/libpcre  -Wl,-E  conftest.c -ldl  >&5
configure:7739: $? = 0
configure:7739: result: yes
configure:7756: checking for type of 6th argument to recvfrom()
configure:7777: g++ -c -g -O2 -Wall -fno-strict-aliasing -I$(top_srcdir)/liblinear -I$(top_srcdir)/liblua -I$(top_srcdir)/libdnet-stripped/include -I$(top_srcdir)/libssh2/include -I$(top_srcdir)/libpcre  conftest.cpp >&5
configure:7777: $? = 0
configure:7791: result: socklen_t
configure:8014: creating ./config.status

## ---------------------- ##
## Running config.status. ##
## ---------------------- ##

This file was extended by config.status, which was
generated by GNU Autoconf 2.69.  Invocation command line was

  CONFIG_FILES    = 
  CONFIG_HEADERS  = 
  CONFIG_LINKS    = 
  CONFIG_COMMANDS = 
  $ ./config.status 

on ANONYM

config.status:932: creating Makefile
config.status:932: creating libnetutil/Makefile
config.status:932: creating nmap_config.h
configure:9246: === configuring in nping (/home/hello/toolkit/nmap/nping)
configure:9309: running /bin/bash ./configure --disable-option-checking '--prefix=/usr/local'  --cache-file=/dev/null --srcdir=.
configure:9246: === configuring in libpcre (/home/hello/toolkit/nmap/libpcre)
configure:9309: running /bin/bash ./configure --disable-option-checking '--prefix=/usr/local'  --cache-file=/dev/null --srcdir=.
configure:9246: === configuring in libssh2 (/home/hello/toolkit/nmap/libssh2)
configure:9309: running /bin/bash ./configure --disable-option-checking '--prefix=/usr/local'  --cache-file=/dev/null --srcdir=.
configure:9246: === configuring in libdnet-stripped (/home/hello/toolkit/nmap/libdnet-stripped)
configure:9309: running /bin/bash ./configure --disable-option-checking '--prefix=/usr/local'  --cache-file=/dev/null --srcdir=.
configure:9246: === configuring in nbase (/home/hello/toolkit/nmap/nbase)
configure:9309: running /bin/bash ./configure --disable-option-checking '--prefix=/usr/local'  --cache-file=/dev/null --srcdir=.
configure:9246: === configuring in nsock/src (/home/hello/toolkit/nmap/nsock/src)
configure:9309: running /bin/bash ./configure --disable-option-checking '--prefix=/usr/local'  --cache-file=/dev/null --srcdir=.
configure:9246: === configuring in ncat (/home/hello/toolkit/nmap/ncat)
configure:9309: running /bin/bash ./configure --disable-option-checking '--prefix=/usr/local'  --cache-file=/dev/null --srcdir=.

## ---------------- ##
## Cache variables. ##
## ---------------- ##

ac_cv_build=x86_64-unknown-linux-gnu
ac_cv_c_bigendian=no
ac_cv_c_compiler_gnu=yes
ac_cv_c_inline=inline
ac_cv_cxx_compiler_gnu=yes
ac_cv_env_CCC_set=
ac_cv_env_CCC_value=
ac_cv_env_CC_set=
ac_cv_env_CC_value=
ac_cv_env_CFLAGS_set=
ac_cv_env_CFLAGS_value=
ac_cv_env_CPPFLAGS_set=
ac_cv_env_CPPFLAGS_value=
ac_cv_env_CPP_set=
ac_cv_env_CPP_value=
ac_cv_env_CXXFLAGS_set=
ac_cv_env_CXXFLAGS_value=
ac_cv_env_CXX_set=
ac_cv_env_CXX_value=
ac_cv_env_LDFLAGS_set=
ac_cv_env_LDFLAGS_value=
ac_cv_env_LIBS_set=
ac_cv_env_LIBS_value=
ac_cv_env_PYTHON_set=
ac_cv_env_PYTHON_value=
ac_cv_env_build_alias_set=
ac_cv_env_build_alias_value=
ac_cv_env_host_alias_set=
ac_cv_env_host_alias_value=
ac_cv_env_target_alias_set=
ac_cv_env_target_alias_value=
ac_cv_func_pcap_set_immediate_mode=yes
ac_cv_func_strerror=yes
ac_cv_have_decl_pcap_get_selectable_fd=yes
ac_cv_header_fcntl_h=yes
ac_cv_header_inttypes_h=yes
ac_cv_header_libssh2_h=no
ac_cv_header_linear_h=no
ac_cv_header_linux_rtnetlink_h=yes
ac_cv_header_lua5_3_lua_h=no
ac_cv_header_lua_5_3_lua_h=no
ac_cv_header_lua_h=no
ac_cv_header_lua_lua_h=no
ac_cv_header_memory_h=yes
ac_cv_header_net_bpf_h=no
ac_cv_header_net_if_h=yes
ac_cv_header_openssl_ssl_h=yes
ac_cv_header_pcap_h=yes
ac_cv_header_pcre_h=no
ac_cv_header_pcre_pcre_h=no
ac_cv_header_pwd_h=yes
ac_cv_header_stdc=yes
ac_cv_header_stdint_h=yes
ac_cv_header_stdlib_h=yes
ac_cv_header_string_h=yes
ac_cv_header_strings_h=yes
ac_cv_header_sys_ioccom_h=no
ac_cv_header_sys_socket_h=yes
ac_cv_header_sys_sockio_h=no
ac_cv_header_sys_stat_h=yes
ac_cv_header_sys_time_h=yes
ac_cv_header_sys_types_h=yes
ac_cv_header_termios_h=yes
ac_cv_header_unistd_h=yes
ac_cv_header_zlib_h=yes
ac_cv_host=x86_64-unknown-linux-gnu
ac_cv_ip_has_ip_sum=yes
ac_cv_lib_crypto_BIO_int_ctrl=yes
ac_cv_lib_crypto_EVP_PKEY_get1_EC_KEY=yes
ac_cv_lib_pcap_pcap_create=yes
ac_cv_lib_ssl_SSL_new=yes
ac_cv_lib_z_gzread=yes
ac_cv_objext=o
ac_cv_path_EGREP='/usr/bin/grep -E'
ac_cv_path_GREP=/usr/bin/grep
ac_cv_path_PYTHON=/usr/bin/python2
ac_cv_path_ac_pt_STRIP=/usr/bin/strip
ac_cv_path_install='/usr/bin/install -c'
ac_cv_prog_AWK=gawk
ac_cv_prog_CPP='gcc -E'
ac_cv_prog_ac_ct_CC=gcc
ac_cv_prog_ac_ct_CXX=g++
ac_cv_prog_ac_ct_RANLIB=ranlib
ac_cv_prog_cc_c89=
ac_cv_prog_cc_g=yes
ac_cv_prog_cxx_g=yes
ac_cv_search_dlopen=-ldl
ac_cv_search_gethostbyname='none required'
ac_cv_search_lua_isyieldable=no
ac_cv_search_setsockopt='none required'
ac_cv_struct_icmp_exists=yes
ac_cv_struct_ip_exists=yes
am_cv_pathless_PYTHON=python2
am_cv_python_platform=linux2
am_cv_python_pyexecdir='${exec_prefix}/lib/python2.7/dist-packages'
am_cv_python_pythondir='${prefix}/lib/python2.7/dist-packages'
am_cv_python_version=2.7

## ----------------- ##
## Output variables. ##
## ----------------- ##

AWK='gawk'
BUILDNDIFF='build-ndiff'
BUILDNPING='build-nping'
BUILDZENMAP='build-zenmap'
CC='gcc'
CFLAGS='-g -O2 -Wall'
CPP='gcc -E'
CPPFLAGS='-I$(top_srcdir)/liblinear -I$(top_srcdir)/liblua -I$(top_srcdir)/libdnet-stripped/include -I$(top_srcdir)/libssh2/include -I$(top_srcdir)/libpcre  -I$(top_srcdir)/nbase -I$(top_srcdir)/nsock/include'
CXX='g++'
CXXFLAGS='-g -O2 -Wall -fno-strict-aliasing'
DEFS='-DHAVE_CONFIG_H'
DNET_BUILD='build-dnet'
DNET_CLEAN='clean-dnet'
DNET_DIST_CLEAN='distclean-dnet'
ECHO_C=''
ECHO_N='-n'
ECHO_T=''
EGREP='/usr/bin/grep -E'
EXEEXT=''
GREP='/usr/bin/grep'
INSTALLNDIFF='install-ndiff'
INSTALLNPING='install-nping'
INSTALLNSE='install-nse'
INSTALLZENMAP='install-zenmap'
INSTALL_DATA='${INSTALL} -m 644'
INSTALL_PROGRAM='${INSTALL}'
INSTALL_SCRIPT='${INSTALL}'
LDFLAGS='-Wl,-E  -Lnbase -Lnsock/src/'
LIBDNETDIR='libdnet-stripped'
LIBDNET_LIBS='$(top_srcdir)/libdnet-stripped/src/.libs/libdnet.a'
LIBLINEARDIR='liblinear'
LIBLINEAR_BUILD='build-liblinear'
LIBLINEAR_CLEAN='clean-liblinear'
LIBLINEAR_DIST_CLEAN='distclean-liblinear'
LIBLINEAR_LIBS='$(top_srcdir)/liblinear/liblinear.a'
LIBLUADIR='liblua'
LIBLUA_LIBS='$(top_srcdir)/liblua/liblua.a'
LIBNBASE_LIBS='-lnbase'
LIBNSOCK_LIBS='-lnsock'
LIBOBJS=''
LIBPCAP_LIBS='-lpcap'
LIBPCREDIR='libpcre'
LIBPCRE_LIBS='libpcre/libpcre.a'
LIBS='-ldl '
LIBSSH2DIR='libssh2'
LIBSSH2_BUILD='build-libssh2'
LIBSSH2_CLEAN='clean-libssh2'
LIBSSH2_DIST_CLEAN='distclean-libssh2'
LIBSSH2_LIBS='libssh2/lib/libssh2.a'
LTLIBOBJS=''
LUA_BUILD='build-lua'
LUA_CFLAGS='-DLUA_USE_POSIX -DLUA_USE_DLOPEN'
LUA_CLEAN='clean-lua'
LUA_DIST_CLEAN='distclean-lua'
NBASEDIR='nbase'
NBASE_BUILD='build-nbase'
NCATDIR='ncat'
NCAT_BUILD='build-ncat'
NCAT_CHECK='check-ncat'
NCAT_CLEAN='clean-ncat'
NCAT_DIST_CLEAN='distclean-ncat'
NCAT_INSTALL='install-ncat'
NCAT_UNINSTALL='uninstall-ncat'
NDIFFDIR='ndiff'
NDIFF_CHECK='check-ndiff'
NDIFF_CLEAN='clean-ndiff'
NDIFF_DIST_CLEAN='distclean-ndiff'
NOLUA=''
NPINGDIR='nping'
NPING_CLEAN='clean-nping'
NPING_DIST_CLEAN='distclean-nping'
NSE_CHECK='check-nse'
NSOCKDIR='nsock'
NSOCK_BUILD='build-nsock'
NSOCK_CHECK='check-nsock'
OBJEXT='o'
OPENSSL_LIBS='-lssl -lcrypto'
PACKAGE_BUGREPORT=''
PACKAGE_NAME=''
PACKAGE_STRING=''
PACKAGE_TARNAME=''
PACKAGE_URL=''
PACKAGE_VERSION=''
PATH_SEPARATOR=':'
PCAP_BUILD=''
PCAP_CLEAN=''
PCAP_DIST_CLEAN=''
PCRE_BUILD='build-pcre'
PCRE_CLEAN='clean-pcre'
PCRE_DIST_CLEAN='distclean-pcre'
PYTHON='/usr/bin/python2'
PYTHON_EXEC_PREFIX='${exec_prefix}'
PYTHON_PLATFORM='linux2'
PYTHON_PREFIX='${prefix}'
PYTHON_VERSION='2.7'
RANLIB='ranlib'
SHELL='/bin/bash'
STRIP='/usr/bin/strip'
UNINSTALLNDIFF='uninstall-ndiff'
UNINSTALLNPING='uninstall-nping'
UNINSTALLZENMAP='uninstall-zenmap'
USE_NLS='yes'
ZENMAPDIR='zenmap'
ZENMAP_CHECK='check-zenmap'
ZENMAP_CLEAN='clean-zenmap'
ZENMAP_DIST_CLEAN='distclean-zenmap'
ZLIBDIR='libz'
ZLIB_BUILD=''
ZLIB_CLEAN=''
ZLIB_DIST_CLEAN=''
ZLIB_LIBS='-lz'
ac_ct_CC='gcc'
ac_ct_CXX='g++'
bindir='${exec_prefix}/bin'
build='x86_64-unknown-linux-gnu'
build_alias=''
build_cpu='x86_64'
build_os='linux-gnu'
build_vendor='unknown'
datadir='${datarootdir}'
datarootdir='${prefix}/share'
docdir='${datarootdir}/doc/${PACKAGE}'
dvidir='${docdir}'
exec_prefix='${prefix}'
host='x86_64-unknown-linux-gnu'
host_alias=''
host_cpu='x86_64'
host_os='linux-gnu'
host_vendor='unknown'
htmldir='${docdir}'
includedir='${prefix}/include'
infodir='${datarootdir}/info'
libdir='${exec_prefix}/lib'
libexecdir='${exec_prefix}/libexec'
libpcapdir='libpcap'
localedir='${datarootdir}/locale'
localstatedir='${prefix}/var'
mandir='${datarootdir}/man'
oldincludedir='/usr/include'
pcredir='libpcre'
pdfdir='${docdir}'
pkgpyexecdir='${pyexecdir}/'
pkgpythondir='${pythondir}/'
prefix='/usr/local'
program_transform_name='s,x,x,'
psdir='${docdir}'
pyexecdir='${exec_prefix}/lib/python2.7/dist-packages'
pythondir='${prefix}/lib/python2.7/dist-packages'
runstatedir='${localstatedir}/run'
sbindir='${exec_prefix}/sbin'
sharedstatedir='${prefix}/com'
subdirs=' nping libpcre libssh2 libdnet-stripped nbase nsock/src ncat'
sysconfdir='${prefix}/etc'
target_alias=''

## ----------- ##
## confdefs.h. ##
## ----------- ##

/* confdefs.h */
#define PACKAGE_NAME ""
#define PACKAGE_TARNAME ""
#define PACKAGE_VERSION ""
#define PACKAGE_STRING ""
#define PACKAGE_BUGREPORT ""
#define PACKAGE_URL ""
#define LINUX 1
#define STDC_HEADERS 1
#define HAVE_SYS_TYPES_H 1
#define HAVE_SYS_STAT_H 1
#define HAVE_STDLIB_H 1
#define HAVE_STRING_H 1
#define HAVE_MEMORY_H 1
#define HAVE_STRINGS_H 1
#define HAVE_INTTYPES_H 1
#define HAVE_STDINT_H 1
#define HAVE_UNISTD_H 1
#define HAVE_PWD_H 1
#define HAVE_TERMIOS_H 1
#define HAVE_STDINT_H 1
#define HAVE_SYS_STAT_H 1
#define HAVE_FCNTL_H 1
#define HAVE_LINUX_RTNETLINK_H 1
#define HAVE_SYS_SOCKET_H 1
#define HAVE_NET_IF_H 1
#define HAVE_IPV6_IPPROTO_RAW 1
#define HAVE_OPENSSL_EC 1
#define HAVE_OPENSSL 1
#define HAVE_SYS_TIME_H 1
#define HAVE_PCAP_SET_IMMEDIATE_MODE 1
#define HAVE_LIBPCAP 1
#define PCRE_INCLUDED 1
#define HAVE_LIBZ 1
#define LIBSSH2_INCLUDED 1
#define HAVE_LIBSSH2 1
#define DNET_INCLUDED 1
#define LUA_INCLUDED 1
#define LIBLINEAR_INCLUDED 1
#define HAVE_STRUCT_ICMP 1
#define HAVE_STRUCT_IP 1
#define HAVE_IP_IP_SUM 1
#define HAVE_STRERROR 1
#define recvfrom6_t socklen_t

configure: exit 0
